"../../../Engine/Content/EditorResources/S_Actor.uasset" 0
"../../../Engine/Content/EditorResources/S_Actor.ubulk" 1
"../../../Engine/Content/EditorResources/S_Actor.uexp" 2
"../../../Engine/Content/EditorResources/S_BoxReflectionCapture.uasset" 3
"../../../Engine/Content/EditorResources/S_BoxReflectionCapture.uexp" 4
"../../../Engine/Content/EngineResources/DefaultTexture.uasset" 5
"../../../Engine/Content/EngineResources/DefaultTexture.ubulk" 6
"../../../Engine/Content/EngineResources/DefaultTexture.uexp" 7
"../../../Engine/Content/EngineResources/DefaultTextureCube.uasset" 8
"../../../Engine/Content/EngineResources/DefaultTextureCube.uexp" 9
"../../../Engine/Content/EngineResources/DefaultVolumeTexture2D.uasset" 10
"../../../Engine/Content/EngineResources/DefaultVolumeTexture2D.uexp" 11
"../../../Engine/Content/EngineResources/DefaultVolumeTexture.uasset" 12
"../../../Engine/Content/EngineResources/DefaultVolumeTexture.uexp" 13
"../../../Engine/Content/EditorResources/S_Trigger.uasset" 14
"../../../Engine/Content/EditorResources/S_Trigger.ubulk" 15
"../../../Engine/Content/EditorResources/S_Trigger.uexp" 16
"../../../Engine/Content/EditorResources/S_TriggerBox.uasset" 17
"../../../Engine/Content/EditorResources/S_TriggerBox.uexp" 18
"../../../Engine/Content/EditorResources/S_TriggerCapsule.uasset" 19
"../../../Engine/Content/EditorResources/S_TriggerCapsule.uexp" 20
"../../../Engine/Content/EditorResources/S_TriggerSphere.uasset" 21
"../../../Engine/Content/EditorResources/S_TriggerSphere.uexp" 22
"../../../Engine/Content/EngineMeshes/Sphere.uasset" 23
"../../../Engine/Content/EngineMeshes/Sphere.ubulk" 24
"../../../Engine/Content/EngineMeshes/Sphere.uexp" 25
"../../../Engine/Content/EngineResources/GradientTexture0.uasset" 26
"../../../Engine/Content/EngineResources/GradientTexture0.uexp" 27
"../../../Engine/Content/EngineResources/Black.uasset" 28
"../../../Engine/Content/EngineResources/Black.uexp" 29
"../../../Engine/Content/VREditor/LaserPointer/VR_LaserPower_01.uasset" 30
"../../../Engine/Content/VREditor/LaserPointer/VR_LaserPower_01.ubulk" 31
"../../../Engine/Content/VREditor/LaserPointer/VR_LaserPower_01.uexp" 32
"../../../Engine/Content/VREditor/TransformGizmo/TransformGizmoMaterial.uasset" 33
"../../../Engine/Content/VREditor/TransformGizmo/TransformGizmoMaterial.uexp" 34
"../../../Engine/Content/VREditor/TransformGizmo/TranslucentTransformGizmoMaterial.uasset" 35
"../../../Engine/Content/VREditor/TransformGizmo/TranslucentTransformGizmoMaterial.uexp" 36
"../../../Engine/Content/VREditor/TransformGizmo/PlaneTranslationHandle.uasset" 37
"../../../Engine/Content/VREditor/TransformGizmo/PlaneTranslationHandle.ubulk" 38
"../../../Engine/Content/VREditor/TransformGizmo/PlaneTranslationHandle.uexp" 39
"../../../Engine/Content/VREditor/TransformGizmo/BoundingBoxCorner.uasset" 40
"../../../Engine/Content/VREditor/TransformGizmo/BoundingBoxCorner.ubulk" 41
"../../../Engine/Content/VREditor/TransformGizmo/BoundingBoxCorner.uexp" 42
"../../../Engine/Content/VREditor/TransformGizmo/BoundingBoxEdge.uasset" 43
"../../../Engine/Content/VREditor/TransformGizmo/BoundingBoxEdge.ubulk" 44
"../../../Engine/Content/VREditor/TransformGizmo/BoundingBoxEdge.uexp" 45
"../../../Engine/Content/VREditor/TransformGizmo/Main.uasset" 46
"../../../Engine/Content/VREditor/TransformGizmo/Main.uexp" 47
"../../../Engine/Content/VREditor/TransformGizmo/Xray.uasset" 48
"../../../Engine/Content/VREditor/TransformGizmo/Xray.uexp" 49
"../../../Engine/Content/VREditor/TransformGizmo/SM_Sequencer_Node.uasset" 50
"../../../Engine/Content/VREditor/TransformGizmo/SM_Sequencer_Node.ubulk" 51
"../../../Engine/Content/VREditor/TransformGizmo/SM_Sequencer_Node.uexp" 52
"../../../Engine/Content/EditorMaterials/Camera/CineMat.uasset" 53
"../../../Engine/Content/EditorMaterials/Camera/CineMat.uexp" 54
"../../../Engine/Content/EditorMaterials/Camera/MI_CineMat_Rig.uasset" 55
"../../../Engine/Content/EditorMaterials/Camera/MI_CineMat_Rig.uexp" 56
"../../../Engine/Content/EditorMeshes/Camera/SM_CraneRig_Base.uasset" 57
"../../../Engine/Content/EditorMeshes/Camera/SM_CraneRig_Base.ubulk" 58
"../../../Engine/Content/EditorMeshes/Camera/SM_CraneRig_Base.uexp" 59
"../../../Engine/Content/EditorMeshes/Camera/SM_CraneRig_Arm.uasset" 60
"../../../Engine/Content/EditorMeshes/Camera/SM_CraneRig_Arm.ubulk" 61
"../../../Engine/Content/EditorMeshes/Camera/SM_CraneRig_Arm.uexp" 62
"../../../Engine/Content/EditorMeshes/Camera/SM_CraneRig_Mount.uasset" 63
"../../../Engine/Content/EditorMeshes/Camera/SM_CraneRig_Mount.ubulk" 64
"../../../Engine/Content/EditorMeshes/Camera/SM_CraneRig_Mount.uexp" 65
"../../../Engine/Content/EditorMeshes/Camera/SM_CraneRig_Body.uasset" 66
"../../../Engine/Content/EditorMeshes/Camera/SM_CraneRig_Body.ubulk" 67
"../../../Engine/Content/EditorMeshes/Camera/SM_CraneRig_Body.uexp" 68
"../../../Engine/Content/EditorMeshes/Camera/SM_RailRig_Track.uasset" 69
"../../../Engine/Content/EditorMeshes/Camera/SM_RailRig_Track.ubulk" 70
"../../../Engine/Content/EditorMeshes/Camera/SM_RailRig_Track.uexp" 71
"../../../Engine/Content/EditorMeshes/Camera/SM_RailRig_Mount.uasset" 72
"../../../Engine/Content/EditorMeshes/Camera/SM_RailRig_Mount.ubulk" 73
"../../../Engine/Content/EditorMeshes/Camera/SM_RailRig_Mount.uexp" 74
"../../../Engine/Content/EngineMaterials/T_Default_Material_Grid_M.uasset" 75
"../../../Engine/Content/EngineMaterials/T_Default_Material_Grid_M.ubulk" 76
"../../../Engine/Content/EngineMaterials/T_Default_Material_Grid_M.uexp" 77
"../../../Engine/Content/EngineMaterials/T_Default_Material_Grid_N.uasset" 78
"../../../Engine/Content/EngineMaterials/T_Default_Material_Grid_N.ubulk" 79
"../../../Engine/Content/EngineMaterials/T_Default_Material_Grid_N.uexp" 80
"../../../Engine/Content/Functions/Engine_MaterialFunctions01/Opacity/CameraDepthFade.uasset" 81
"../../../Engine/Content/Functions/Engine_MaterialFunctions01/Opacity/CameraDepthFade.uexp" 82
"../../../Engine/Content/EngineMaterials/WorldGridMaterial.uasset" 83
"../../../Engine/Content/EngineMaterials/WorldGridMaterial.uexp" 84
"../../../Engine/Content/ArtTools/RenderToTexture/Meshes/S_1_Unit_Plane.uasset" 85
"../../../Engine/Content/ArtTools/RenderToTexture/Meshes/S_1_Unit_Plane.ubulk" 86
"../../../Engine/Content/ArtTools/RenderToTexture/Meshes/S_1_Unit_Plane.uexp" 87
"../../../Engine/Content/EditorMaterials/ParticleSystems/PSysThumbnail_NoImage.uasset" 88
"../../../Engine/Content/EditorMaterials/ParticleSystems/PSysThumbnail_NoImage.ubulk" 89
"../../../Engine/Content/EditorMaterials/ParticleSystems/PSysThumbnail_NoImage.uexp" 90
"../../../Engine/Content/EditorMaterials/ParticleSystems/PSysThumbnail_OOD.uasset" 91
"../../../Engine/Content/EditorMaterials/ParticleSystems/PSysThumbnail_OOD.ubulk" 92
"../../../Engine/Content/EditorMaterials/ParticleSystems/PSysThumbnail_OOD.uexp" 93
"../../../Engine/Content/EditorLandscapeResources/SplineEditorMeshMat.uasset" 94
"../../../Engine/Content/EditorLandscapeResources/SplineEditorMeshMat.uexp" 95
"../../../Engine/Content/EditorLandscapeResources/SplineEditorMesh.uasset" 96
"../../../Engine/Content/EditorLandscapeResources/SplineEditorMesh.ubulk" 97
"../../../Engine/Content/EditorLandscapeResources/SplineEditorMesh.uexp" 98
"../../../Engine/Content/EditorResources/S_Solver.uasset" 99
"../../../Engine/Content/EditorResources/S_Solver.ubulk" 100
"../../../Engine/Content/EditorResources/S_Solver.uexp" 101
"../../../Engine/Plugins/Media/MediaPlate/Content/SM_MediaPlateScreen.uasset" 102
"../../../Engine/Plugins/Media/MediaPlate/Content/SM_MediaPlateScreen.ubulk" 103
"../../../Engine/Plugins/Media/MediaPlate/Content/SM_MediaPlateScreen.uexp" 104
"../../../Engine/Content/EngineMaterials/Good64x64TilingNoiseHighFreq.uasset" 105
"../../../Engine/Content/EngineMaterials/Good64x64TilingNoiseHighFreq.uexp" 106
"../../../Engine/Content/EngineMaterials/DefaultBokeh.uasset" 107
"../../../Engine/Content/EngineMaterials/DefaultBokeh.uexp" 108
"../../../Engine/Content/EngineMaterials/PreintegratedSkinBRDF.uasset" 109
"../../../Engine/Content/EngineMaterials/PreintegratedSkinBRDF.uexp" 110
"../../../Engine/Content/EngineMaterials/MiniFont.uasset" 111
"../../../Engine/Content/EngineMaterials/MiniFont.uexp" 112
"../../../Engine/Content/EngineMaterials/WeightMapPlaceholderTexture.uasset" 113
"../../../Engine/Content/EngineMaterials/WeightMapPlaceholderTexture.uexp" 114
"../../../Engine/Content/EngineMaterials/DefaultWhiteGrid.uasset" 115
"../../../Engine/Content/EngineMaterials/DefaultWhiteGrid.ubulk" 116
"../../../Engine/Content/EngineMaterials/DefaultWhiteGrid.uexp" 117
"../../../Engine/Content/EngineMaterials/DefaultMaterial.uasset" 118
"../../../Engine/Content/EngineMaterials/DefaultMaterial.uexp" 119
"../../../Engine/Content/BasicShapes/Cylinder.uasset" 120
"../../../Engine/Content/BasicShapes/Cylinder.ubulk" 121
"../../../Engine/Content/BasicShapes/Cylinder.uexp" 122
"../../../Engine/Content/BasicShapes/Cube.uasset" 123
"../../../Engine/Content/BasicShapes/Cube.ubulk" 124
"../../../Engine/Content/BasicShapes/Cube.uexp" 125
"../../../Engine/Content/BasicShapes/Cone.uasset" 126
"../../../Engine/Content/BasicShapes/Cone.ubulk" 127
"../../../Engine/Content/BasicShapes/Cone.uexp" 128
"../../../Engine/Content/EditorLandscapeResources/DefaultAlphaTexture.uasset" 129
"../../../Engine/Content/EditorLandscapeResources/DefaultAlphaTexture.uexp" 130
"../../../Engine/Content/EditorLandscapeResources/DataLayer.uasset" 131
"../../../Engine/Content/EditorLandscapeResources/DataLayer.uexp" 132
"../../../Engine/Content/EditorMaterials/PreviewShadowIndicator.uasset" 133
"../../../Engine/Content/EditorMaterials/PreviewShadowIndicator.ubulk" 134
"../../../Engine/Content/EditorMaterials/PreviewShadowIndicator.uexp" 135
"../../../Engine/Content/EditorMaterials/PreviewShadowIndicatorMaterial.uasset" 136
"../../../Engine/Content/EditorMaterials/PreviewShadowIndicatorMaterial.uexp" 137
"../../../Engine/Content/EditorMaterials/PhAT_UnselectedMaterial.uasset" 138
"../../../Engine/Content/EditorMaterials/PhAT_UnselectedMaterial.uexp" 139
"../../../Engine/Content/EditorMaterials/PhAT_NoCollisionMaterial.uasset" 140
"../../../Engine/Content/EditorMaterials/PhAT_NoCollisionMaterial.uexp" 141
"../../../Engine/Content/Functions/Engine_MaterialFunctions02/Utility/MakeFloat4.uasset" 142
"../../../Engine/Content/Functions/Engine_MaterialFunctions02/Utility/MakeFloat4.uexp" 143
"../../../Engine/Content/Functions/Engine_MaterialFunctions02/Utility/MakeFloat3.uasset" 144
"../../../Engine/Content/Functions/Engine_MaterialFunctions02/Utility/MakeFloat3.uexp" 145
"../../../Engine/Content/Functions/Engine_MaterialFunctions02/Utility/BreakOutFloat3Components.uasset" 146
"../../../Engine/Content/Functions/Engine_MaterialFunctions02/Utility/BreakOutFloat3Components.uexp" 147
"../../../Engine/Content/EditorMaterials/WorldPartition/WorldPartitionSpatialHashGridPreviewMaterial.uasset" 148
"../../../Engine/Content/EditorMaterials/WorldPartition/WorldPartitionSpatialHashGridPreviewMaterial.uexp" 149
"../../../Engine/Content/EditorResources/S_Terrain.uasset" 150
"../../../Engine/Content/EditorResources/S_Terrain.ubulk" 151
"../../../Engine/Content/EditorResources/S_Terrain.uexp" 152
"../../../Engine/Content/EditorResources/EmptyActor.uasset" 153
"../../../Engine/Content/EditorResources/EmptyActor.uexp" 154
"../../../Engine/Content/EditorResources/BSPVertex.uasset" 155
"../../../Engine/Content/EditorResources/BSPVertex.uexp" 156
"../../../Engine/Content/EditorResources/SequenceRecorder/RecordingIndicator.uasset" 157
"../../../Engine/Content/EditorResources/SequenceRecorder/RecordingIndicator.uexp" 158
"../../../Engine/Content/EditorResources/SequenceRecorder/Countdown.uasset" 159
"../../../Engine/Content/EditorResources/SequenceRecorder/Countdown.uexp" 160
"../../../Engine/Content/EngineDamageTypes/DmgTypeBP_Environmental.uasset" 161
"../../../Engine/Content/EngineDamageTypes/DmgTypeBP_Environmental.uexp" 162
"../../../Engine/Content/Functions/Engine_MaterialFunctions02/Utility/CameraDirectionVector.uasset" 163
"../../../Engine/Content/Functions/Engine_MaterialFunctions02/Utility/CameraDirectionVector.uexp" 164
"../../../Engine/Content/EngineDebugMaterials/VolumeToRender.uasset" 165
"../../../Engine/Content/EngineDebugMaterials/VolumeToRender.uexp" 166
"../../../Engine/Content/EngineDebugMaterials/M_VolumeRenderSphereTracePP.uasset" 167
"../../../Engine/Content/EngineDebugMaterials/M_VolumeRenderSphereTracePP.uexp" 168
"../../../Engine/Content/EngineDebugMaterials/M_SimpleUnlitTranslucent.uasset" 169
"../../../Engine/Content/EngineDebugMaterials/M_SimpleUnlitTranslucent.uexp" 170
"../../../Engine/Content/EngineDebugMaterials/DebugMeshMaterial.uasset" 171
"../../../Engine/Content/EngineDebugMaterials/DebugMeshMaterial.uexp" 172
"../../../Engine/Content/EngineDebugMaterials/DebugEditorMaterial.uasset" 173
"../../../Engine/Content/EngineDebugMaterials/DebugEditorMaterial.uexp" 174
"../../../Engine/Content/EngineFonts/Faces/RobotoLight.uasset" 175
"../../../Engine/Content/EngineFonts/Faces/RobotoLight.ufont" 176
"../../../Engine/Content/EngineFonts/Faces/RobotoLight.uexp" 177
"../../../Engine/Content/EngineFonts/Faces/RobotoBold.uasset" 178
"../../../Engine/Content/EngineFonts/Faces/RobotoBold.ufont" 179
"../../../Engine/Content/EngineFonts/Faces/RobotoBold.uexp" 180
"../../../Engine/Content/EngineFonts/Faces/RobotoRegular.uasset" 181
"../../../Engine/Content/EngineFonts/Faces/RobotoRegular.ufont" 182
"../../../Engine/Content/EngineFonts/Faces/RobotoRegular.uexp" 183
"../../../Engine/Content/EngineFonts/Faces/DroidSansFallback.uasset" 184
"../../../Engine/Content/EngineFonts/Faces/DroidSansFallback.ufont" 185
"../../../Engine/Content/EngineFonts/Faces/DroidSansFallback.uexp" 186
"../../../Engine/Content/EngineFonts/Faces/RobotoItalic.uasset" 187
"../../../Engine/Content/EngineFonts/Faces/RobotoItalic.ufont" 188
"../../../Engine/Content/EngineFonts/Faces/RobotoItalic.uexp" 189
"../../../Engine/Content/EngineFonts/Faces/RobotoBoldItalic.uasset" 190
"../../../Engine/Content/EngineFonts/Faces/RobotoBoldItalic.ufont" 191
"../../../Engine/Content/EngineFonts/Faces/RobotoBoldItalic.uexp" 192
"../../../Engine/Content/EngineFonts/Roboto.uasset" 193
"../../../Engine/Content/EngineFonts/Roboto.uexp" 194
"../../../Engine/Content/EngineResources/WhiteSquareTexture.uasset" 195
"../../../Engine/Content/EngineResources/WhiteSquareTexture.uexp" 196
"../../../Engine/Content/EngineMaterials/Widget3DPassThrough.uasset" 197
"../../../Engine/Content/EngineMaterials/Widget3DPassThrough.uexp" 198
"../../../Engine/Content/EngineMaterials/Widget3DPassThrough_Translucent.uasset" 199
"../../../Engine/Content/EngineMaterials/Widget3DPassThrough_Translucent.uexp" 200
"../../../Engine/Content/EngineMaterials/Widget3DPassThrough_Translucent_OneSided.uasset" 201
"../../../Engine/Content/EngineMaterials/Widget3DPassThrough_Translucent_OneSided.uexp" 202
"../../../Engine/Content/EngineMaterials/Widget3DPassThrough_Opaque.uasset" 203
"../../../Engine/Content/EngineMaterials/Widget3DPassThrough_Opaque.uexp" 204
"../../../Engine/Content/EngineMaterials/Widget3DPassThrough_Opaque_OneSided.uasset" 205
"../../../Engine/Content/EngineMaterials/Widget3DPassThrough_Opaque_OneSided.uexp" 206
"../../../Engine/Content/EngineMaterials/Widget3DPassThrough_Masked_OneSided.uasset" 207
"../../../Engine/Content/EngineMaterials/Widget3DPassThrough_Masked_OneSided.uexp" 208
"../../../Engine/Content/EngineMaterials/Widget3DPassThrough_Masked.uasset" 209
"../../../Engine/Content/EngineMaterials/Widget3DPassThrough_Masked.uexp" 210
"../../../Engine/Content/EngineMaterials/STBlueNoise_vec2_128x128x64.uasset" 211
"../../../Engine/Content/EngineMaterials/STBlueNoise_vec2_128x128x64.uexp" 212
"../../../Engine/Content/EngineMaterials/STBlueNoise_scalar_128x128x64.uasset" 213
"../../../Engine/Content/EngineMaterials/STBlueNoise_scalar_128x128x64.uexp" 214
"../../../Engine/Content/EngineMaterials/RemoveSurfaceMaterial.uasset" 215
"../../../Engine/Content/EngineMaterials/RemoveSurfaceMaterial.uexp" 216
"../../../Engine/Content/EngineMaterials/DefaultCalibrationGrayscale.uasset" 217
"../../../Engine/Content/EngineMaterials/DefaultCalibrationGrayscale.uexp" 218
"../../../Engine/Content/EngineMaterials/PPM_DefaultCalibrationGrayscale.uasset" 219
"../../../Engine/Content/EngineMaterials/PPM_DefaultCalibrationGrayscale.uexp" 220
"../../../Engine/Content/EngineMaterials/DefaultCalibrationColor.uasset" 221
"../../../Engine/Content/EngineMaterials/DefaultCalibrationColor.uexp" 222
"../../../Engine/Content/EngineMaterials/PPM_DefaultCalibrationColor.uasset" 223
"../../../Engine/Content/EngineMaterials/PPM_DefaultCalibrationColor.uexp" 224
"../../../Engine/Content/Functions/Engine_MaterialFunctions02/WorldPositionOffset/CameraOffset.uasset" 225
"../../../Engine/Content/Functions/Engine_MaterialFunctions02/WorldPositionOffset/CameraOffset.uexp" 226
"../../../Engine/Content/EngineMaterials/PhAT_JointLimitMaterial.uasset" 227
"../../../Engine/Content/EngineMaterials/PhAT_JointLimitMaterial.uexp" 228
"../../../Engine/Content/EngineMaterials/InvalidLightmapSettings.uasset" 229
"../../../Engine/Content/EngineMaterials/InvalidLightmapSettings.ubulk" 230
"../../../Engine/Content/EngineMaterials/InvalidLightmapSettings.uexp" 231
"../../../Engine/Content/EngineMaterials/M_InvalidLightmapSettings.uasset" 232
"../../../Engine/Content/EngineMaterials/M_InvalidLightmapSettings.uexp" 233
"../../../Engine/Content/EngineMaterials/GizmoMaterial.uasset" 234
"../../../Engine/Content/EngineMaterials/GizmoMaterial.uexp" 235
"../../../Engine/Content/EngineMaterials/BaseFlattenEmissiveMap_VT.uasset" 236
"../../../Engine/Content/EngineMaterials/BaseFlattenEmissiveMap_VT.uexp" 237
"../../../Engine/Content/EngineMaterials/BaseFlattenGrayscaleMap_VT.uasset" 238
"../../../Engine/Content/EngineMaterials/BaseFlattenGrayscaleMap_VT.uexp" 239
"../../../Engine/Content/EngineMaterials/BaseFlattenLinearColor_VT.uasset" 240
"../../../Engine/Content/EngineMaterials/BaseFlattenLinearColor_VT.uexp" 241
"../../../Engine/Content/EngineMaterials/Black_1x1_EXR_Texture_VT.uasset" 242
"../../../Engine/Content/EngineMaterials/Black_1x1_EXR_Texture_VT.uexp" 243
"../../../Engine/Content/EngineMaterials/BaseFlattenDiffuseMap_VT.uasset" 244
"../../../Engine/Content/EngineMaterials/BaseFlattenDiffuseMap_VT.uexp" 245
"../../../Engine/Content/EngineMaterials/BaseFlattenNormalMap_VT.uasset" 246
"../../../Engine/Content/EngineMaterials/BaseFlattenNormalMap_VT.uexp" 247
"../../../Engine/Content/EngineMaterials/FlattenMaterial_WS_Normal_VT.uasset" 248
"../../../Engine/Content/EngineMaterials/FlattenMaterial_WS_Normal_VT.uexp" 249
"../../../Engine/Content/EngineMaterials/FlattenMaterial_VT.uasset" 250
"../../../Engine/Content/EngineMaterials/FlattenMaterial_VT.uexp" 251
"../../../Engine/Content/EngineMaterials/BaseFlattenNormalMap.uasset" 252
"../../../Engine/Content/EngineMaterials/BaseFlattenNormalMap.uexp" 253
"../../../Engine/Content/EngineMaterials/BaseFlattenGrayscaleMap.uasset" 254
"../../../Engine/Content/EngineMaterials/BaseFlattenGrayscaleMap.uexp" 255
"../../../Engine/Content/EngineMaterials/BaseFlattenDiffuseMap.uasset" 256
"../../../Engine/Content/EngineMaterials/BaseFlattenDiffuseMap.uexp" 257
"../../../Engine/Content/Functions/Engine_MaterialFunctions02/PivotPainter2/Black_1x1_EXR_Texture.uasset" 258
"../../../Engine/Content/Functions/Engine_MaterialFunctions02/PivotPainter2/Black_1x1_EXR_Texture.uexp" 259
"../../../Engine/Content/EngineMaterials/BaseFlattenEmissiveMap.uasset" 260
"../../../Engine/Content/EngineMaterials/BaseFlattenEmissiveMap.uexp" 261
"../../../Engine/Content/EngineMaterials/BaseFlattenLinearColor.uasset" 262
"../../../Engine/Content/EngineMaterials/BaseFlattenLinearColor.uexp" 263
"../../../Engine/Content/EngineMaterials/FlattenMaterial.uasset" 264
"../../../Engine/Content/EngineMaterials/FlattenMaterial.uexp" 265
"../../../Engine/Content/EngineMaterials/DefaultWhiteGrid_Low.uasset" 266
"../../../Engine/Content/EngineMaterials/DefaultWhiteGrid_Low.uexp" 267
"../../../Engine/Content/EngineMaterials/EmissiveMeshMaterial.uasset" 268
"../../../Engine/Content/EngineMaterials/EmissiveMeshMaterial.uexp" 269
"../../../Engine/Content/EngineFonts/RobotoDistanceField.uasset" 270
"../../../Engine/Content/EngineFonts/RobotoDistanceField.uexp" 271
"../../../Engine/Content/EngineMaterials/DefaultTextMaterialOpaque.uasset" 272
"../../../Engine/Content/EngineMaterials/DefaultTextMaterialOpaque.uexp" 273
"../../../Engine/Content/EngineMaterials/DefaultDiffuse.uasset" 274
"../../../Engine/Content/EngineMaterials/DefaultDiffuse.ubulk" 275
"../../../Engine/Content/EngineMaterials/DefaultDiffuse.uexp" 276
"../../../Engine/Content/Functions/Engine_MaterialFunctions02/Utility/BreakOutFloat2Components.uasset" 277
"../../../Engine/Content/Functions/Engine_MaterialFunctions02/Utility/BreakOutFloat2Components.uexp" 278
"../../../Engine/Content/EngineMaterials/DefaultPostProcessMaterial.uasset" 279
"../../../Engine/Content/EngineMaterials/DefaultPostProcessMaterial.uexp" 280
"../../../Engine/Content/EngineMaterials/DefaultPhysicalMaterial.uasset" 281
"../../../Engine/Content/EngineMaterials/DefaultPhysicalMaterial.uexp" 282
"../../../Engine/Content/EngineMaterials/DefaultLightFunctionMaterial.uasset" 283
"../../../Engine/Content/EngineMaterials/DefaultLightFunctionMaterial.uexp" 284
"../../../Engine/Content/EngineMaterials/DefaultDestructiblePhysicalMaterial.uasset" 285
"../../../Engine/Content/EngineMaterials/DefaultDestructiblePhysicalMaterial.uexp" 286
"../../../Engine/Content/EngineMaterials/DefaultDeferredDecalMaterial.uasset" 287
"../../../Engine/Content/EngineMaterials/DefaultDeferredDecalMaterial.uexp" 288
"../../../Engine/Content/EngineMaterials/DefaultBloomKernel.uasset" 289
"../../../Engine/Content/EngineMaterials/DefaultBloomKernel.uexp" 290
"../../../Engine/Content/EngineResources/FilmGrains/Marcie_Grain_v3_128_M2_000.uasset" 291
"../../../Engine/Content/EngineResources/FilmGrains/Marcie_Grain_v3_128_M2_000.uexp" 292
"../../../Engine/Content/EngineSky/VolumetricClouds/CloudWeatherTexture.uasset" 293
"../../../Engine/Content/EngineSky/VolumetricClouds/CloudWeatherTexture.uexp" 294
"../../../Engine/Content/Functions/Engine_MaterialFunctions02/Utility/MakeFloat2.uasset" 295
"../../../Engine/Content/Functions/Engine_MaterialFunctions02/Utility/MakeFloat2.uexp" 296
"../../../Engine/Content/EngineSky/VolumetricClouds/CloudGradientTexture.uasset" 297
"../../../Engine/Content/EngineSky/VolumetricClouds/CloudGradientTexture.uexp" 298
"../../../Engine/Content/EngineSky/VolumetricClouds/T_NoiseShape64.uasset" 299
"../../../Engine/Content/EngineSky/VolumetricClouds/T_NoiseShape64.ubulk" 300
"../../../Engine/Content/EngineSky/VolumetricClouds/T_NoiseShape64.uexp" 301
"../../../Engine/Content/EngineSky/VolumetricClouds/T_VolumeNoiseShape64.uasset" 302
"../../../Engine/Content/EngineSky/VolumetricClouds/T_VolumeNoiseShape64.uexp" 303
"../../../Engine/Content/EngineSky/VolumetricClouds/T_NoiseErosion.uasset" 304
"../../../Engine/Content/EngineSky/VolumetricClouds/T_NoiseErosion.ubulk" 305
"../../../Engine/Content/EngineSky/VolumetricClouds/T_NoiseErosion.uexp" 306
"../../../Engine/Content/EngineSky/VolumetricClouds/T_VolumeNoiseErosion32.uasset" 307
"../../../Engine/Content/EngineSky/VolumetricClouds/T_VolumeNoiseErosion32.uexp" 308
"../../../Engine/Content/EngineSky/VolumetricClouds/m_SimpleVolumetricCloud.uasset" 309
"../../../Engine/Content/EngineSky/VolumetricClouds/m_SimpleVolumetricCloud.uexp" 310
"../../../Engine/Content/EngineSky/VolumetricClouds/m_SimpleVolumetricCloud_Inst.uasset" 311
"../../../Engine/Content/EngineSky/VolumetricClouds/m_SimpleVolumetricCloud_Inst.uexp" 312
"../../../Engine/Content/EngineSounds/Master.uasset" 313
"../../../Engine/Content/EngineSounds/Master.uexp" 314
"../../../Engine/Content/Functions/Engine_MaterialFunctions01/Shading/PowerToRoughness.uasset" 315
"../../../Engine/Content/Functions/Engine_MaterialFunctions01/Shading/PowerToRoughness.uexp" 316
"../../../Engine/Content/MobileResources/HUD/VirtualJoystick_Background.uasset" 317
"../../../Engine/Content/MobileResources/HUD/VirtualJoystick_Background.uexp" 318
"../../../Engine/Content/MobileResources/HUD/VirtualJoystick_Thumb.uasset" 319
"../../../Engine/Content/MobileResources/HUD/VirtualJoystick_Thumb.uexp" 320
"../../../Engine/Content/MobileResources/HUD/DefaultVirtualJoysticks.uasset" 321
"../../../Engine/Content/MobileResources/HUD/DefaultVirtualJoysticks.uexp" 322
"../../../Engine/Plugins/2D/Paper2D/Content/PlaceholderTextures/DummySpriteTexture.uasset" 323
"../../../Engine/Plugins/2D/Paper2D/Content/PlaceholderTextures/DummySpriteTexture.ubulk" 324
"../../../Engine/Plugins/2D/Paper2D/Content/PlaceholderTextures/DummySpriteTexture.uexp" 325
"../../../Engine/Plugins/2D/Paper2D/Content/DefaultSpriteMaterial.uasset" 326
"../../../Engine/Plugins/2D/Paper2D/Content/DefaultSpriteMaterial.uexp" 327
"../../../Engine/Plugins/2D/Paper2D/Content/OpaqueUnlitSpriteMaterial.uasset" 328
"../../../Engine/Plugins/2D/Paper2D/Content/OpaqueUnlitSpriteMaterial.uexp" 329
"../../../Engine/Plugins/2D/Paper2D/Content/MaskedUnlitSpriteMaterial.uasset" 330
"../../../Engine/Plugins/2D/Paper2D/Content/MaskedUnlitSpriteMaterial.uexp" 331
"../../../Engine/Plugins/2D/Paper2D/Content/DummySprite.uasset" 332
"../../../Engine/Plugins/2D/Paper2D/Content/DummySprite.uexp" 333
"../../../Engine/Plugins/2D/Paper2D/Content/DefaultPaperTerrainMaterial.uasset" 334
"../../../Engine/Plugins/2D/Paper2D/Content/DefaultPaperTerrainMaterial.uexp" 335
"../../../Engine/Plugins/Animation/ControlRig/Content/M_Manip.uasset" 336
"../../../Engine/Plugins/Animation/ControlRig/Content/M_Manip.uexp" 337
"../../../Engine/Plugins/Animation/ControlRig/Content/Controls/DefaultGizmoLibraryNormalized.uasset" 338
"../../../Engine/Plugins/Animation/ControlRig/Content/Controls/DefaultGizmoLibraryNormalized.uexp" 339
"../../../Engine/Plugins/Animation/ControlRig/Content/Controls/ControlRigXRayMaterial.uasset" 340
"../../../Engine/Plugins/Animation/ControlRig/Content/Controls/ControlRigXRayMaterial.uexp" 341
"../../../Engine/Plugins/Animation/ControlRig/Content/Controls/ControlRigGizmoMaterial.uasset" 342
"../../../Engine/Plugins/Animation/ControlRig/Content/Controls/ControlRigGizmoMaterial.uexp" 343
"../../../Engine/Plugins/Animation/ControlRig/Content/Controls/ControlRig_Wedge_solid.uasset" 344
"../../../Engine/Plugins/Animation/ControlRig/Content/Controls/ControlRig_Wedge_solid.ubulk" 345
"../../../Engine/Plugins/Animation/ControlRig/Content/Controls/ControlRig_Wedge_solid.uexp" 346
"../../../Engine/Plugins/Animation/ControlRig/Content/Controls/ControlRig_Wedge_3mm.uasset" 347
"../../../Engine/Plugins/Animation/ControlRig/Content/Controls/ControlRig_Wedge_3mm.ubulk" 348
"../../../Engine/Plugins/Animation/ControlRig/Content/Controls/ControlRig_Wedge_3mm.uexp" 349
"../../../Engine/Plugins/Animation/ControlRig/Content/Controls/ControlRig_Wedge_1mm.uasset" 350
"../../../Engine/Plugins/Animation/ControlRig/Content/Controls/ControlRig_Wedge_1mm.ubulk" 351
"../../../Engine/Plugins/Animation/ControlRig/Content/Controls/ControlRig_Wedge_1mm.uexp" 352
"../../../Engine/Plugins/Animation/ControlRig/Content/Controls/ControlRig_Triangle_solid.uasset" 353
"../../../Engine/Plugins/Animation/ControlRig/Content/Controls/ControlRig_Triangle_solid.ubulk" 354
"../../../Engine/Plugins/Animation/ControlRig/Content/Controls/ControlRig_Triangle_solid.uexp" 355
"../../../Engine/Plugins/Animation/ControlRig/Content/Controls/ControlRig_Triangle_3mm.uasset" 356
"../../../Engine/Plugins/Animation/ControlRig/Content/Controls/ControlRig_Triangle_3mm.ubulk" 357
"../../../Engine/Plugins/Animation/ControlRig/Content/Controls/ControlRig_Triangle_3mm.uexp" 358
"../../../Engine/Plugins/Animation/ControlRig/Content/Controls/ControlRig_Triangle_1mm.uasset" 359
"../../../Engine/Plugins/Animation/ControlRig/Content/Controls/ControlRig_Triangle_1mm.ubulk" 360
"../../../Engine/Plugins/Animation/ControlRig/Content/Controls/ControlRig_Triangle_1mm.uexp" 361
"../../../Engine/Plugins/Animation/ControlRig/Content/Controls/ControlRig_Star4_solid.uasset" 362
"../../../Engine/Plugins/Animation/ControlRig/Content/Controls/ControlRig_Star4_solid.ubulk" 363
"../../../Engine/Plugins/Animation/ControlRig/Content/Controls/ControlRig_Star4_solid.uexp" 364
"../../../Engine/Plugins/Animation/ControlRig/Content/Controls/ControlRig_Star4_3mm.uasset" 365
"../../../Engine/Plugins/Animation/ControlRig/Content/Controls/ControlRig_Star4_3mm.ubulk" 366
"../../../Engine/Plugins/Animation/ControlRig/Content/Controls/ControlRig_Star4_3mm.uexp" 367
"../../../Engine/Plugins/Animation/ControlRig/Content/Controls/ControlRig_Star4_1mm.uasset" 368
"../../../Engine/Plugins/Animation/ControlRig/Content/Controls/ControlRig_Star4_1mm.ubulk" 369
"../../../Engine/Plugins/Animation/ControlRig/Content/Controls/ControlRig_Star4_1mm.uexp" 370
"../../../Engine/Plugins/Animation/ControlRig/Content/Controls/ControlRig_Square_solid.uasset" 371
"../../../Engine/Plugins/Animation/ControlRig/Content/Controls/ControlRig_Square_solid.ubulk" 372
"../../../Engine/Plugins/Animation/ControlRig/Content/Controls/ControlRig_Square_solid.uexp" 373
"../../../Engine/Plugins/Animation/ControlRig/Content/Controls/ControlRig_Square_3mm.uasset" 374
"../../../Engine/Plugins/Animation/ControlRig/Content/Controls/ControlRig_Square_3mm.ubulk" 375
"../../../Engine/Plugins/Animation/ControlRig/Content/Controls/ControlRig_Square_3mm.uexp" 376
"../../../Engine/Plugins/Animation/ControlRig/Content/Controls/ControlRig_Square_1mm.uasset" 377
"../../../Engine/Plugins/Animation/ControlRig/Content/Controls/ControlRig_Square_1mm.ubulk" 378
"../../../Engine/Plugins/Animation/ControlRig/Content/Controls/ControlRig_Square_1mm.uexp" 379
"../../../Engine/Plugins/Animation/ControlRig/Content/Controls/ControlRig_Sphere_solid.uasset" 380
"../../../Engine/Plugins/Animation/ControlRig/Content/Controls/ControlRig_Sphere_solid.ubulk" 381
"../../../Engine/Plugins/Animation/ControlRig/Content/Controls/ControlRig_Sphere_solid.uexp" 382
"../../../Engine/Plugins/Animation/ControlRig/Content/Controls/ControlRig_Sphere_3mm.uasset" 383
"../../../Engine/Plugins/Animation/ControlRig/Content/Controls/ControlRig_Sphere_3mm.ubulk" 384
"../../../Engine/Plugins/Animation/ControlRig/Content/Controls/ControlRig_Sphere_3mm.uexp" 385
"../../../Engine/Plugins/Animation/ControlRig/Content/Controls/ControlRig_Sphere_1mm.uasset" 386
"../../../Engine/Plugins/Animation/ControlRig/Content/Controls/ControlRig_Sphere_1mm.ubulk" 387
"../../../Engine/Plugins/Animation/ControlRig/Content/Controls/ControlRig_Sphere_1mm.uexp" 388
"../../../Engine/Plugins/Animation/ControlRig/Content/Controls/ControlRig_RoundedTriangle_solid.uasset" 389
"../../../Engine/Plugins/Animation/ControlRig/Content/Controls/ControlRig_RoundedTriangle_solid.ubulk" 390
"../../../Engine/Plugins/Animation/ControlRig/Content/Controls/ControlRig_RoundedTriangle_solid.uexp" 391
"../../../Engine/Plugins/Animation/ControlRig/Content/Controls/ControlRig_RoundedTriangle_3mm.uasset" 392
"../../../Engine/Plugins/Animation/ControlRig/Content/Controls/ControlRig_RoundedTriangle_3mm.ubulk" 393
"../../../Engine/Plugins/Animation/ControlRig/Content/Controls/ControlRig_RoundedTriangle_3mm.uexp" 394
"../../../Engine/Plugins/Animation/ControlRig/Content/Controls/ControlRig_RoundedTriangle_1mm.uasset" 395
"../../../Engine/Plugins/Animation/ControlRig/Content/Controls/ControlRig_RoundedTriangle_1mm.ubulk" 396
"../../../Engine/Plugins/Animation/ControlRig/Content/Controls/ControlRig_RoundedTriangle_1mm.uexp" 397
"../../../Engine/Plugins/Animation/ControlRig/Content/Controls/ControlRig_RoundedSquare_solid.uasset" 398
"../../../Engine/Plugins/Animation/ControlRig/Content/Controls/ControlRig_RoundedSquare_solid.ubulk" 399
"../../../Engine/Plugins/Animation/ControlRig/Content/Controls/ControlRig_RoundedSquare_solid.uexp" 400
"../../../Engine/Plugins/Animation/ControlRig/Content/Controls/ControlRig_RoundedSquare_3mm.uasset" 401
"../../../Engine/Plugins/Animation/ControlRig/Content/Controls/ControlRig_RoundedSquare_3mm.ubulk" 402
"../../../Engine/Plugins/Animation/ControlRig/Content/Controls/ControlRig_RoundedSquare_3mm.uexp" 403
"../../../Engine/Plugins/Animation/ControlRig/Content/Controls/ControlRig_RoundedSquare_1mm.uasset" 404
"../../../Engine/Plugins/Animation/ControlRig/Content/Controls/ControlRig_RoundedSquare_1mm.ubulk" 405
"../../../Engine/Plugins/Animation/ControlRig/Content/Controls/ControlRig_RoundedSquare_1mm.uexp" 406
"../../../Engine/Plugins/Animation/ControlRig/Content/Controls/ControlRig_QuarterCircle_solid.uasset" 407
"../../../Engine/Plugins/Animation/ControlRig/Content/Controls/ControlRig_QuarterCircle_solid.ubulk" 408
"../../../Engine/Plugins/Animation/ControlRig/Content/Controls/ControlRig_QuarterCircle_solid.uexp" 409
"../../../Engine/Plugins/Animation/ControlRig/Content/Controls/ControlRig_QuarterCircle_3mm.uasset" 410
"../../../Engine/Plugins/Animation/ControlRig/Content/Controls/ControlRig_QuarterCircle_3mm.ubulk" 411
"../../../Engine/Plugins/Animation/ControlRig/Content/Controls/ControlRig_QuarterCircle_3mm.uexp" 412
"../../../Engine/Plugins/Animation/ControlRig/Content/Controls/ControlRig_QuarterCircle_1mm.uasset" 413
"../../../Engine/Plugins/Animation/ControlRig/Content/Controls/ControlRig_QuarterCircle_1mm.ubulk" 414
"../../../Engine/Plugins/Animation/ControlRig/Content/Controls/ControlRig_QuarterCircle_1mm.uexp" 415
"../../../Engine/Plugins/Animation/ControlRig/Content/Controls/ControlRig_Pyramid_solid.uasset" 416
"../../../Engine/Plugins/Animation/ControlRig/Content/Controls/ControlRig_Pyramid_solid.ubulk" 417
"../../../Engine/Plugins/Animation/ControlRig/Content/Controls/ControlRig_Pyramid_solid.uexp" 418
"../../../Engine/Plugins/Animation/ControlRig/Content/Controls/ControlRig_Pyramid_3mm.uasset" 419
"../../../Engine/Plugins/Animation/ControlRig/Content/Controls/ControlRig_Pyramid_3mm.ubulk" 420
"../../../Engine/Plugins/Animation/ControlRig/Content/Controls/ControlRig_Pyramid_3mm.uexp" 421
"../../../Engine/Plugins/Animation/ControlRig/Content/Controls/ControlRig_Pyramid_1mm.uasset" 422
"../../../Engine/Plugins/Animation/ControlRig/Content/Controls/ControlRig_Pyramid_1mm.ubulk" 423
"../../../Engine/Plugins/Animation/ControlRig/Content/Controls/ControlRig_Pyramid_1mm.uexp" 424
"../../../Engine/Plugins/Animation/ControlRig/Content/Controls/ControlRig_Octagon_solid.uasset" 425
"../../../Engine/Plugins/Animation/ControlRig/Content/Controls/ControlRig_Octagon_solid.ubulk" 426
"../../../Engine/Plugins/Animation/ControlRig/Content/Controls/ControlRig_Octagon_solid.uexp" 427
"../../../Engine/Plugins/Animation/ControlRig/Content/Controls/ControlRig_Octagon_3mm.uasset" 428
"../../../Engine/Plugins/Animation/ControlRig/Content/Controls/ControlRig_Octagon_3mm.ubulk" 429
"../../../Engine/Plugins/Animation/ControlRig/Content/Controls/ControlRig_Octagon_3mm.uexp" 430
"../../../Engine/Plugins/Animation/ControlRig/Content/Controls/ControlRig_Octagon_1mm.uasset" 431
"../../../Engine/Plugins/Animation/ControlRig/Content/Controls/ControlRig_Octagon_1mm.ubulk" 432
"../../../Engine/Plugins/Animation/ControlRig/Content/Controls/ControlRig_Octagon_1mm.uexp" 433
"../../../Engine/Plugins/Animation/ControlRig/Content/Controls/ControlRig_Hexagon_solid.uasset" 434
"../../../Engine/Plugins/Animation/ControlRig/Content/Controls/ControlRig_Hexagon_solid.ubulk" 435
"../../../Engine/Plugins/Animation/ControlRig/Content/Controls/ControlRig_Hexagon_solid.uexp" 436
"../../../Engine/Plugins/Animation/ControlRig/Content/Controls/ControlRig_Hexagon_3mm.uasset" 437
"../../../Engine/Plugins/Animation/ControlRig/Content/Controls/ControlRig_Hexagon_3mm.ubulk" 438
"../../../Engine/Plugins/Animation/ControlRig/Content/Controls/ControlRig_Hexagon_3mm.uexp" 439
"../../../Engine/Plugins/Animation/ControlRig/Content/Controls/ControlRig_Hexagon_1mm.uasset" 440
"../../../Engine/Plugins/Animation/ControlRig/Content/Controls/ControlRig_Hexagon_1mm.ubulk" 441
"../../../Engine/Plugins/Animation/ControlRig/Content/Controls/ControlRig_Hexagon_1mm.uexp" 442
"../../../Engine/Plugins/Animation/ControlRig/Content/Controls/ControlRig_HalfCircle_solid.uasset" 443
"../../../Engine/Plugins/Animation/ControlRig/Content/Controls/ControlRig_HalfCircle_solid.ubulk" 444
"../../../Engine/Plugins/Animation/ControlRig/Content/Controls/ControlRig_HalfCircle_solid.uexp" 445
"../../../Engine/Plugins/Animation/ControlRig/Content/Controls/ControlRig_HalfCircle_3mm.uasset" 446
"../../../Engine/Plugins/Animation/ControlRig/Content/Controls/ControlRig_HalfCircle_3mm.ubulk" 447
"../../../Engine/Plugins/Animation/ControlRig/Content/Controls/ControlRig_HalfCircle_3mm.uexp" 448
"../../../Engine/Plugins/Animation/ControlRig/Content/Controls/ControlRig_HalfCircle_1mm.uasset" 449
"../../../Engine/Plugins/Animation/ControlRig/Content/Controls/ControlRig_HalfCircle_1mm.ubulk" 450
"../../../Engine/Plugins/Animation/ControlRig/Content/Controls/ControlRig_HalfCircle_1mm.uexp" 451
"../../../Engine/Plugins/Animation/ControlRig/Content/Controls/ControlRig_Diamond_solid.uasset" 452
"../../../Engine/Plugins/Animation/ControlRig/Content/Controls/ControlRig_Diamond_solid.ubulk" 453
"../../../Engine/Plugins/Animation/ControlRig/Content/Controls/ControlRig_Diamond_solid.uexp" 454
"../../../Engine/Plugins/Animation/ControlRig/Content/Controls/ControlRig_Diamond_3mm.uasset" 455
"../../../Engine/Plugins/Animation/ControlRig/Content/Controls/ControlRig_Diamond_3mm.ubulk" 456
"../../../Engine/Plugins/Animation/ControlRig/Content/Controls/ControlRig_Diamond_3mm.uexp" 457
"../../../Engine/Plugins/Animation/ControlRig/Content/Controls/ControlRig_Diamond_1mm.uasset" 458
"../../../Engine/Plugins/Animation/ControlRig/Content/Controls/ControlRig_Diamond_1mm.ubulk" 459
"../../../Engine/Plugins/Animation/ControlRig/Content/Controls/ControlRig_Diamond_1mm.uexp" 460
"../../../Engine/Plugins/Animation/ControlRig/Content/Controls/ControlRig_Circle_solid.uasset" 461
"../../../Engine/Plugins/Animation/ControlRig/Content/Controls/ControlRig_Circle_solid.ubulk" 462
"../../../Engine/Plugins/Animation/ControlRig/Content/Controls/ControlRig_Circle_solid.uexp" 463
"../../../Engine/Plugins/Animation/ControlRig/Content/Controls/ControlRig_Circle_3mm.uasset" 464
"../../../Engine/Plugins/Animation/ControlRig/Content/Controls/ControlRig_Circle_3mm.ubulk" 465
"../../../Engine/Plugins/Animation/ControlRig/Content/Controls/ControlRig_Circle_3mm.uexp" 466
"../../../Engine/Plugins/Animation/ControlRig/Content/Controls/ControlRig_Circle_1mm.uasset" 467
"../../../Engine/Plugins/Animation/ControlRig/Content/Controls/ControlRig_Circle_1mm.ubulk" 468
"../../../Engine/Plugins/Animation/ControlRig/Content/Controls/ControlRig_Circle_1mm.uexp" 469
"../../../Engine/Plugins/Animation/ControlRig/Content/Controls/ControlRig_Box_solid.uasset" 470
"../../../Engine/Plugins/Animation/ControlRig/Content/Controls/ControlRig_Box_solid.ubulk" 471
"../../../Engine/Plugins/Animation/ControlRig/Content/Controls/ControlRig_Box_solid.uexp" 472
"../../../Engine/Plugins/Animation/ControlRig/Content/Controls/ControlRig_Box_3mm.uasset" 473
"../../../Engine/Plugins/Animation/ControlRig/Content/Controls/ControlRig_Box_3mm.ubulk" 474
"../../../Engine/Plugins/Animation/ControlRig/Content/Controls/ControlRig_Box_3mm.uexp" 475
"../../../Engine/Plugins/Animation/ControlRig/Content/Controls/ControlRig_Box_1mm.uasset" 476
"../../../Engine/Plugins/Animation/ControlRig/Content/Controls/ControlRig_Box_1mm.ubulk" 477
"../../../Engine/Plugins/Animation/ControlRig/Content/Controls/ControlRig_Box_1mm.uexp" 478
"../../../Engine/Plugins/Animation/ControlRig/Content/Controls/ControlRig_Arrow_solid.uasset" 479
"../../../Engine/Plugins/Animation/ControlRig/Content/Controls/ControlRig_Arrow_solid.ubulk" 480
"../../../Engine/Plugins/Animation/ControlRig/Content/Controls/ControlRig_Arrow_solid.uexp" 481
"../../../Engine/Plugins/Animation/ControlRig/Content/Controls/ControlRig_Arrow_3mm.uasset" 482
"../../../Engine/Plugins/Animation/ControlRig/Content/Controls/ControlRig_Arrow_3mm.ubulk" 483
"../../../Engine/Plugins/Animation/ControlRig/Content/Controls/ControlRig_Arrow_3mm.uexp" 484
"../../../Engine/Plugins/Animation/ControlRig/Content/Controls/ControlRig_Arrow_1mm.uasset" 485
"../../../Engine/Plugins/Animation/ControlRig/Content/Controls/ControlRig_Arrow_1mm.ubulk" 486
"../../../Engine/Plugins/Animation/ControlRig/Content/Controls/ControlRig_Arrow_1mm.uexp" 487
"../../../Engine/Plugins/Animation/ControlRig/Content/Controls/ControlRig_Arrow4_solid.uasset" 488
"../../../Engine/Plugins/Animation/ControlRig/Content/Controls/ControlRig_Arrow4_solid.ubulk" 489
"../../../Engine/Plugins/Animation/ControlRig/Content/Controls/ControlRig_Arrow4_solid.uexp" 490
"../../../Engine/Plugins/Animation/ControlRig/Content/Controls/ControlRig_Arrow4_3mm.uasset" 491
"../../../Engine/Plugins/Animation/ControlRig/Content/Controls/ControlRig_Arrow4_3mm.ubulk" 492
"../../../Engine/Plugins/Animation/ControlRig/Content/Controls/ControlRig_Arrow4_3mm.uexp" 493
"../../../Engine/Plugins/Animation/ControlRig/Content/Controls/ControlRig_Arrow4_1mm.uasset" 494
"../../../Engine/Plugins/Animation/ControlRig/Content/Controls/ControlRig_Arrow4_1mm.ubulk" 495
"../../../Engine/Plugins/Animation/ControlRig/Content/Controls/ControlRig_Arrow4_1mm.uexp" 496
"../../../Engine/Plugins/Animation/ControlRig/Content/Controls/ControlRig_Arrow2_solid.uasset" 497
"../../../Engine/Plugins/Animation/ControlRig/Content/Controls/ControlRig_Arrow2_solid.ubulk" 498
"../../../Engine/Plugins/Animation/ControlRig/Content/Controls/ControlRig_Arrow2_solid.uexp" 499
"../../../Engine/Plugins/Animation/ControlRig/Content/Controls/ControlRig_Arrow2_3mm.uasset" 500
"../../../Engine/Plugins/Animation/ControlRig/Content/Controls/ControlRig_Arrow2_3mm.ubulk" 501
"../../../Engine/Plugins/Animation/ControlRig/Content/Controls/ControlRig_Arrow2_3mm.uexp" 502
"../../../Engine/Plugins/Animation/ControlRig/Content/Controls/ControlRig_Arrow2_1mm.uasset" 503
"../../../Engine/Plugins/Animation/ControlRig/Content/Controls/ControlRig_Arrow2_1mm.ubulk" 504
"../../../Engine/Plugins/Animation/ControlRig/Content/Controls/ControlRig_Arrow2_1mm.uexp" 505
"../../../Engine/Plugins/Editor/SpeedTreeImporter/Content/SpeedTree9/game_wind_noise.uasset" 506
"../../../Engine/Plugins/Editor/SpeedTreeImporter/Content/SpeedTree9/game_wind_noise.ubulk" 507
"../../../Engine/Plugins/Editor/SpeedTreeImporter/Content/SpeedTree9/game_wind_noise.uexp" 508
"../../../Engine/Plugins/Editor/SpeedTreeImporter/Content/SpeedTree9/UnpackDirection.uasset" 509
"../../../Engine/Plugins/Editor/SpeedTreeImporter/Content/SpeedTree9/UnpackDirection.uexp" 510
"../../../Engine/Content/Functions/Engine_MaterialFunctions02/ObjectLocalBounds.uasset" 511
"../../../Engine/Content/Functions/Engine_MaterialFunctions02/ObjectLocalBounds.uexp" 512
"../../../Engine/Content/Functions/Engine_MaterialFunctions02/UVs/BoundingBoxBased_0-1_UVW.uasset" 513
"../../../Engine/Content/Functions/Engine_MaterialFunctions02/UVs/BoundingBoxBased_0-1_UVW.uexp" 514
"../../../Engine/Content/Functions/Engine_MaterialFunctions02/Utility/VectorLength.uasset" 515
"../../../Engine/Content/Functions/Engine_MaterialFunctions02/Utility/VectorLength.uexp" 516
"../../../Engine/Plugins/Editor/SpeedTreeImporter/Content/SpeedTree9/UnpackInteger3.uasset" 517
"../../../Engine/Plugins/Editor/SpeedTreeImporter/Content/SpeedTree9/UnpackInteger3.uexp" 518
"../../../Engine/Plugins/Editor/SpeedTreeImporter/Content/SpeedTree9/SpeedTreeCameraFacing.uasset" 519
"../../../Engine/Plugins/Editor/SpeedTreeImporter/Content/SpeedTree9/SpeedTreeCameraFacing.uexp" 520
"../../../Engine/Content/Functions/Engine_MaterialFunctions02/WorldPositionOffset/ObjectScale.uasset" 521
"../../../Engine/Content/Functions/Engine_MaterialFunctions02/WorldPositionOffset/ObjectScale.uexp" 522
"../../../Engine/Content/Functions/Engine_MaterialFunctions02/SafeNormalize.uasset" 523
"../../../Engine/Content/Functions/Engine_MaterialFunctions02/SafeNormalize.uexp" 524
"../../../Engine/Plugins/Editor/SpeedTreeImporter/Content/SpeedTree9/SpeedTreeWindMotion.uasset" 525
"../../../Engine/Plugins/Editor/SpeedTreeImporter/Content/SpeedTree9/SpeedTreeWindMotion.uexp" 526
"../../../Engine/Plugins/Editor/SpeedTreeImporter/Content/SpeedTree9/SpeedTreeBranchMotion.uasset" 527
"../../../Engine/Plugins/Editor/SpeedTreeImporter/Content/SpeedTree9/SpeedTreeBranchMotion.uexp" 528
"../../../Engine/Plugins/Editor/SpeedTreeImporter/Content/SpeedTree9/SpeedTreeWind.uasset" 529
"../../../Engine/Plugins/Editor/SpeedTreeImporter/Content/SpeedTree9/SpeedTreeWind.uexp" 530
"../../../Engine/Plugins/Editor/SpeedTreeImporter/Content/SpeedTree9/EmptyNormal.uasset" 531
"../../../Engine/Plugins/Editor/SpeedTreeImporter/Content/SpeedTree9/EmptyNormal.uexp" 532
"../../../Engine/Plugins/Editor/SpeedTreeImporter/Content/SpeedTree9/Empty.uasset" 533
"../../../Engine/Plugins/Editor/SpeedTreeImporter/Content/SpeedTree9/Empty.uexp" 534
"../../../Engine/Plugins/Editor/SpeedTreeImporter/Content/SpeedTree9/SpeedTreeMaster.uasset" 535
"../../../Engine/Plugins/Editor/SpeedTreeImporter/Content/SpeedTree9/SpeedTreeMaster.uexp" 536
"../../../Engine/Plugins/Editor/SpeedTreeImporter/Content/SpeedTree9/SpeedTreeBillboard.uasset" 537
"../../../Engine/Plugins/Editor/SpeedTreeImporter/Content/SpeedTree9/SpeedTreeBillboard.uexp" 538
"../../../Engine/Plugins/Editor/SpeedTreeImporter/Content/SpeedTree9/SpeedTreeBillboardMaster.uasset" 539
"../../../Engine/Plugins/Editor/SpeedTreeImporter/Content/SpeedTree9/SpeedTreeBillboardMaster.uexp" 540
"../../../Engine/Content/Functions/Engine_MaterialFunctions02/Texturing/CustomRotator.uasset" 541
"../../../Engine/Content/Functions/Engine_MaterialFunctions02/Texturing/CustomRotator.uexp" 542
"../../../Engine/Content/Functions/Engine_MaterialFunctions02/Texturing/ScreenAlignedPixelToPixelUVs.uasset" 543
"../../../Engine/Content/Functions/Engine_MaterialFunctions02/Texturing/ScreenAlignedPixelToPixelUVs.uexp" 544
"../../../Engine/Plugins/Interchange/Runtime/Content/Utilities/T_Bayer64_Grayscale_64px.uasset" 545
"../../../Engine/Plugins/Interchange/Runtime/Content/Utilities/T_Bayer64_Grayscale_64px.uexp" 546
"../../../Engine/Plugins/Interchange/Runtime/Content/gltf/MaterialFunctions/MF_Temporal_Blur.uasset" 547
"../../../Engine/Plugins/Interchange/Runtime/Content/gltf/MaterialFunctions/MF_Temporal_Blur.uexp" 548
"../../../Engine/Plugins/Interchange/Runtime/Content/gltf/MaterialFunctions/MF_Fresnel_DS.uasset" 549
"../../../Engine/Plugins/Interchange/Runtime/Content/gltf/MaterialFunctions/MF_Fresnel_DS.uexp" 550
"../../../Engine/Plugins/Interchange/Runtime/Content/Functions/MX_Transmission.uasset" 551
"../../../Engine/Plugins/Interchange/Runtime/Content/Functions/MX_Transmission.uexp" 552
"../../../Engine/Plugins/Interchange/Runtime/Content/Functions/MF_OrenNayerView.uasset" 553
"../../../Engine/Plugins/Interchange/Runtime/Content/Functions/MF_OrenNayerView.uexp" 554
"../../../Engine/Plugins/Interchange/Runtime/Content/Functions/MF_SchlickApprox.uasset" 555
"../../../Engine/Plugins/Interchange/Runtime/Content/Functions/MF_SchlickApprox.uexp" 556
"../../../Engine/Plugins/Interchange/Runtime/Content/Utilities/New_LUT.uasset" 557
"../../../Engine/Plugins/Interchange/Runtime/Content/Utilities/New_LUT.uexp" 558
"../../../Engine/Content/Functions/Engine_MaterialFunctions03/Math/RemapValueRange.uasset" 559
"../../../Engine/Content/Functions/Engine_MaterialFunctions03/Math/RemapValueRange.uexp" 560
"../../../Engine/Plugins/Interchange/Runtime/Content/Functions/MF_Iridescence.uasset" 561
"../../../Engine/Plugins/Interchange/Runtime/Content/Functions/MF_Iridescence.uexp" 562
"../../../Engine/Plugins/Interchange/Runtime/Content/Functions/MX_StandardSurface.uasset" 563
"../../../Engine/Plugins/Interchange/Runtime/Content/Functions/MX_StandardSurface.uexp" 564
"../../../Engine/Plugins/Interchange/Runtime/Content/Functions/MX_TransmissionSurface.uasset" 565
"../../../Engine/Plugins/Interchange/Runtime/Content/Functions/MX_TransmissionSurface.uexp" 566
"../../../Engine/Content/Functions/Engine_MaterialFunctions02/Math/AddComponents.uasset" 567
"../../../Engine/Content/Functions/Engine_MaterialFunctions02/Math/AddComponents.uexp" 568
"../../../Engine/Content/Functions/Engine_MaterialFunctions02/WorldPositionOffset/V2/ObjectScale.uasset" 569
"../../../Engine/Content/Functions/Engine_MaterialFunctions02/WorldPositionOffset/V2/ObjectScale.uexp" 570
"../../../Engine/Plugins/Interchange/Runtime/Content/gltf/MaterialFunctions/MF_TransmissionOpacity.uasset" 571
"../../../Engine/Plugins/Interchange/Runtime/Content/gltf/MaterialFunctions/MF_TransmissionOpacity.uexp" 572
"../../../Engine/Plugins/Interchange/Runtime/Content/gltf/MaterialFunctions/MF_RotateV2.uasset" 573
"../../../Engine/Plugins/Interchange/Runtime/Content/gltf/MaterialFunctions/MF_RotateV2.uexp" 574
"../../../Engine/Plugins/Interchange/Runtime/Content/gltf/MaterialFunctions/MF_TransformUVs.uasset" 575
"../../../Engine/Plugins/Interchange/Runtime/Content/gltf/MaterialFunctions/MF_TransformUVs.uexp" 576
"../../../Engine/Plugins/Interchange/Runtime/Content/gltf/Textures/T_White_srgb.uasset" 577
"../../../Engine/Plugins/Interchange/Runtime/Content/gltf/Textures/T_White_srgb.uexp" 578
"../../../Engine/Plugins/Interchange/Runtime/Content/gltf/MaterialFunctions/MF_BaseColor.uasset" 579
"../../../Engine/Plugins/Interchange/Runtime/Content/gltf/MaterialFunctions/MF_BaseColor.uexp" 580
"../../../Engine/Plugins/Interchange/Runtime/Content/gltf/MaterialFunctions/MF_DiffuseSpecGloss.uasset" 581
"../../../Engine/Plugins/Interchange/Runtime/Content/gltf/MaterialFunctions/MF_DiffuseSpecGloss.uexp" 582
"../../../Engine/Plugins/Interchange/Runtime/Content/gltf/Textures/T_White_Linear.uasset" 583
"../../../Engine/Plugins/Interchange/Runtime/Content/gltf/Textures/T_White_Linear.uexp" 584
"../../../Engine/Plugins/Interchange/Runtime/Content/gltf/MaterialFunctions/MF_MetallicRoughness.uasset" 585
"../../../Engine/Plugins/Interchange/Runtime/Content/gltf/MaterialFunctions/MF_MetallicRoughness.uexp" 586
"../../../Engine/Plugins/Interchange/Runtime/Content/gltf/MaterialFunctions/MF_Transmission.uasset" 587
"../../../Engine/Plugins/Interchange/Runtime/Content/gltf/MaterialFunctions/MF_Transmission.uexp" 588
"../../../Engine/Plugins/Interchange/Runtime/Content/gltf/MaterialFunctions/MF_Occlusion.uasset" 589
"../../../Engine/Plugins/Interchange/Runtime/Content/gltf/MaterialFunctions/MF_Occlusion.uexp" 590
"../../../Engine/Plugins/Interchange/Runtime/Content/gltf/MaterialFunctions/MF_Specular.uasset" 591
"../../../Engine/Plugins/Interchange/Runtime/Content/gltf/MaterialFunctions/MF_Specular.uexp" 592
"../../../Engine/Plugins/Interchange/Runtime/Content/gltf/MaterialFunctions/MF_IOR.uasset" 593
"../../../Engine/Plugins/Interchange/Runtime/Content/gltf/MaterialFunctions/MF_IOR.uexp" 594
"../../../Engine/Content/Functions/Engine_MaterialFunctions01/Texturing/FlattenNormal.uasset" 595
"../../../Engine/Content/Functions/Engine_MaterialFunctions01/Texturing/FlattenNormal.uexp" 596
"../../../Engine/Content/Functions/Engine_MaterialFunctions02/Math/Transform3x3Matrix.uasset" 597
"../../../Engine/Content/Functions/Engine_MaterialFunctions02/Math/Transform3x3Matrix.uexp" 598
"../../../Engine/Plugins/Interchange/Runtime/Content/gltf/MaterialFunctions/MF_RotateNormals_TS.uasset" 599
"../../../Engine/Plugins/Interchange/Runtime/Content/gltf/MaterialFunctions/MF_RotateNormals_TS.uexp" 600
"../../../Engine/Plugins/Interchange/Runtime/Content/gltf/Textures/T_Generic_N.uasset" 601
"../../../Engine/Plugins/Interchange/Runtime/Content/gltf/Textures/T_Generic_N.uexp" 602
"../../../Engine/Plugins/Interchange/Runtime/Content/gltf/MaterialFunctions/MF_Normals.uasset" 603
"../../../Engine/Plugins/Interchange/Runtime/Content/gltf/MaterialFunctions/MF_Normals.uexp" 604
"../../../Engine/Plugins/Interchange/Runtime/Content/gltf/MaterialFunctions/MF_PerceivedBrightness.uasset" 605
"../../../Engine/Plugins/Interchange/Runtime/Content/gltf/MaterialFunctions/MF_PerceivedBrightness.uexp" 606
"../../../Engine/Plugins/Interchange/Runtime/Content/gltf/MaterialFunctions/MF_SpecGlossToMetalRoughness.uasset" 607
"../../../Engine/Plugins/Interchange/Runtime/Content/gltf/MaterialFunctions/MF_SpecGlossToMetalRoughness.uexp" 608
"../../../Engine/Plugins/Interchange/Runtime/Content/gltf/M_Transmission.uasset" 609
"../../../Engine/Plugins/Interchange/Runtime/Content/gltf/M_Transmission.uexp" 610
"../../../Engine/Plugins/Interchange/Runtime/Content/gltf/MaterialInstances_MR/MI_Transmission_TS.uasset" 611
"../../../Engine/Plugins/Interchange/Runtime/Content/gltf/MaterialInstances_MR/MI_Transmission_TS.uexp" 612
"../../../Engine/Plugins/Interchange/Runtime/Content/gltf/MaterialInstances_MR/MI_Transmission.uasset" 613
"../../../Engine/Plugins/Interchange/Runtime/Content/gltf/MaterialInstances_MR/MI_Transmission.uexp" 614
"../../../Engine/Plugins/Interchange/Runtime/Content/gltf/MaterialFunctions/MF_Clearcoat.uasset" 615
"../../../Engine/Plugins/Interchange/Runtime/Content/gltf/MaterialFunctions/MF_Clearcoat.uexp" 616
"../../../Engine/Plugins/Interchange/Runtime/Content/gltf/MaterialFunctions/MF_Emissive.uasset" 617
"../../../Engine/Plugins/Interchange/Runtime/Content/gltf/MaterialFunctions/MF_Emissive.uexp" 618
"../../../Engine/Plugins/Interchange/Runtime/Content/gltf/M_Translucent.uasset" 619
"../../../Engine/Plugins/Interchange/Runtime/Content/gltf/M_Translucent.uexp" 620
"../../../Engine/Plugins/Interchange/Runtime/Content/gltf/MaterialInstances_MR/MI_Translucent_TS.uasset" 621
"../../../Engine/Plugins/Interchange/Runtime/Content/gltf/MaterialInstances_MR/MI_Translucent_TS.uexp" 622
"../../../Engine/Plugins/Interchange/Runtime/Content/gltf/MaterialInstances_MR/MI_Translucent_ClearCoat_TS.uasset" 623
"../../../Engine/Plugins/Interchange/Runtime/Content/gltf/MaterialInstances_MR/MI_Translucent_ClearCoat_TS.uexp" 624
"../../../Engine/Plugins/Interchange/Runtime/Content/gltf/MaterialInstances_MR/MI_Translucent_ClearCoat.uasset" 625
"../../../Engine/Plugins/Interchange/Runtime/Content/gltf/MaterialInstances_MR/MI_Translucent_ClearCoat.uexp" 626
"../../../Engine/Plugins/Interchange/Runtime/Content/gltf/MaterialInstances_MR/MI_Translucent.uasset" 627
"../../../Engine/Plugins/Interchange/Runtime/Content/gltf/MaterialInstances_MR/MI_Translucent.uexp" 628
"../../../Engine/Plugins/Interchange/Runtime/Content/gltf/M_Unlit.uasset" 629
"../../../Engine/Plugins/Interchange/Runtime/Content/gltf/M_Unlit.uexp" 630
"../../../Engine/Plugins/Interchange/Runtime/Content/gltf/MaterialInstances_MR/MI_Opaque_Unlit_TS.uasset" 631
"../../../Engine/Plugins/Interchange/Runtime/Content/gltf/MaterialInstances_MR/MI_Opaque_Unlit_TS.uexp" 632
"../../../Engine/Plugins/Interchange/Runtime/Content/gltf/MaterialInstances_MR/MI_Opaque_Unlit.uasset" 633
"../../../Engine/Plugins/Interchange/Runtime/Content/gltf/MaterialInstances_MR/MI_Opaque_Unlit.uexp" 634
"../../../Engine/Plugins/Interchange/Runtime/Content/gltf/M_Opaque.uasset" 635
"../../../Engine/Plugins/Interchange/Runtime/Content/gltf/M_Opaque.uexp" 636
"../../../Engine/Plugins/Interchange/Runtime/Content/gltf/MaterialInstances_MR/MI_Opaque_TS.uasset" 637
"../../../Engine/Plugins/Interchange/Runtime/Content/gltf/MaterialInstances_MR/MI_Opaque_TS.uexp" 638
"../../../Engine/Plugins/Interchange/Runtime/Content/gltf/MaterialFunctions/MF_Sheen.uasset" 639
"../../../Engine/Plugins/Interchange/Runtime/Content/gltf/MaterialFunctions/MF_Sheen.uexp" 640
"../../../Engine/Content/Functions/Engine_MaterialFunctions01/Shading/FuzzyShading.uasset" 641
"../../../Engine/Content/Functions/Engine_MaterialFunctions01/Shading/FuzzyShading.uexp" 642
"../../../Engine/Plugins/Interchange/Runtime/Content/gltf/M_Sheen.uasset" 643
"../../../Engine/Plugins/Interchange/Runtime/Content/gltf/M_Sheen.uexp" 644
"../../../Engine/Plugins/Interchange/Runtime/Content/gltf/MaterialInstances_MR/MI_Opaque_Sheen_TS.uasset" 645
"../../../Engine/Plugins/Interchange/Runtime/Content/gltf/MaterialInstances_MR/MI_Opaque_Sheen_TS.uexp" 646
"../../../Engine/Plugins/Interchange/Runtime/Content/gltf/MaterialInstances_MR/MI_Opaque_Sheen.uasset" 647
"../../../Engine/Plugins/Interchange/Runtime/Content/gltf/MaterialInstances_MR/MI_Opaque_Sheen.uexp" 648
"../../../Engine/Plugins/Interchange/Runtime/Content/gltf/MaterialInstances_MR/MI_Opaque_ClearCoat_TS.uasset" 649
"../../../Engine/Plugins/Interchange/Runtime/Content/gltf/MaterialInstances_MR/MI_Opaque_ClearCoat_TS.uexp" 650
"../../../Engine/Plugins/Interchange/Runtime/Content/gltf/MaterialInstances_MR/MI_Opaque_ClearCoat.uasset" 651
"../../../Engine/Plugins/Interchange/Runtime/Content/gltf/MaterialInstances_MR/MI_Opaque_ClearCoat.uexp" 652
"../../../Engine/Plugins/Interchange/Runtime/Content/gltf/MaterialInstances_MR/MI_Opaque.uasset" 653
"../../../Engine/Plugins/Interchange/Runtime/Content/gltf/MaterialInstances_MR/MI_Opaque.uexp" 654
"../../../Engine/Plugins/Interchange/Runtime/Content/gltf/MaterialInstances_SG/MI_Transmission_TS.uasset" 655
"../../../Engine/Plugins/Interchange/Runtime/Content/gltf/MaterialInstances_SG/MI_Transmission_TS.uexp" 656
"../../../Engine/Plugins/Interchange/Runtime/Content/gltf/MaterialInstances_SG/MI_Transmission.uasset" 657
"../../../Engine/Plugins/Interchange/Runtime/Content/gltf/MaterialInstances_SG/MI_Transmission.uexp" 658
"../../../Engine/Plugins/Interchange/Runtime/Content/gltf/MaterialInstances_SG/MI_Translucent_TS.uasset" 659
"../../../Engine/Plugins/Interchange/Runtime/Content/gltf/MaterialInstances_SG/MI_Translucent_TS.uexp" 660
"../../../Engine/Plugins/Interchange/Runtime/Content/gltf/MaterialInstances_SG/MI_Translucent_ClearCoat_TS.uasset" 661
"../../../Engine/Plugins/Interchange/Runtime/Content/gltf/MaterialInstances_SG/MI_Translucent_ClearCoat_TS.uexp" 662
"../../../Engine/Plugins/Interchange/Runtime/Content/gltf/MaterialInstances_SG/MI_Translucent_ClearCoat.uasset" 663
"../../../Engine/Plugins/Interchange/Runtime/Content/gltf/MaterialInstances_SG/MI_Translucent_ClearCoat.uexp" 664
"../../../Engine/Plugins/Interchange/Runtime/Content/gltf/MaterialInstances_SG/MI_Translucent.uasset" 665
"../../../Engine/Plugins/Interchange/Runtime/Content/gltf/MaterialInstances_SG/MI_Translucent.uexp" 666
"../../../Engine/Plugins/Interchange/Runtime/Content/gltf/MaterialInstances_SG/MI_Opaque_TS.uasset" 667
"../../../Engine/Plugins/Interchange/Runtime/Content/gltf/MaterialInstances_SG/MI_Opaque_TS.uexp" 668
"../../../Engine/Plugins/Interchange/Runtime/Content/gltf/MaterialInstances_SG/MI_Opaque_Sheen_TS.uasset" 669
"../../../Engine/Plugins/Interchange/Runtime/Content/gltf/MaterialInstances_SG/MI_Opaque_Sheen_TS.uexp" 670
"../../../Engine/Plugins/Interchange/Runtime/Content/gltf/MaterialInstances_SG/MI_Opaque_Sheen.uasset" 671
"../../../Engine/Plugins/Interchange/Runtime/Content/gltf/MaterialInstances_SG/MI_Opaque_Sheen.uexp" 672
"../../../Engine/Plugins/Interchange/Runtime/Content/gltf/MaterialInstances_SG/MI_Opaque_ClearCoat_TS.uasset" 673
"../../../Engine/Plugins/Interchange/Runtime/Content/gltf/MaterialInstances_SG/MI_Opaque_ClearCoat_TS.uexp" 674
"../../../Engine/Plugins/Interchange/Runtime/Content/gltf/MaterialInstances_SG/MI_Opaque_ClearCoat.uasset" 675
"../../../Engine/Plugins/Interchange/Runtime/Content/gltf/MaterialInstances_SG/MI_Opaque_ClearCoat.uexp" 676
"../../../Engine/Plugins/Interchange/Runtime/Content/gltf/MaterialInstances_SG/MI_Opaque.uasset" 677
"../../../Engine/Plugins/Interchange/Runtime/Content/gltf/MaterialInstances_SG/MI_Opaque.uexp" 678
"../../../Engine/Plugins/Interchange/Runtime/Content/gltf/Textures/T_Gray_Linear.uasset" 679
"../../../Engine/Plugins/Interchange/Runtime/Content/gltf/Textures/T_Gray_Linear.uexp" 680
"../../../Engine/Plugins/Interchange/Runtime/Content/gltf/Textures/T_Black_srgb.uasset" 681
"../../../Engine/Plugins/Interchange/Runtime/Content/gltf/Textures/T_Black_srgb.uexp" 682
"../../../Engine/Plugins/Interchange/Runtime/Content/Materials/UnlitMaterial.uasset" 683
"../../../Engine/Plugins/Interchange/Runtime/Content/Materials/UnlitMaterial.uexp" 684
"../../../Engine/Content/EngineMaterials/DefaultNormal.uasset" 685
"../../../Engine/Content/EngineMaterials/DefaultNormal.ubulk" 686
"../../../Engine/Content/EngineMaterials/DefaultNormal.uexp" 687
"../../../Engine/Plugins/Interchange/Runtime/Content/Materials/MapOrScalarFunction.uasset" 688
"../../../Engine/Plugins/Interchange/Runtime/Content/Materials/MapOrScalarFunction.uexp" 689
"../../../Engine/Plugins/Interchange/Runtime/Content/Materials/MapOrLinearColorFunction.uasset" 690
"../../../Engine/Plugins/Interchange/Runtime/Content/Materials/MapOrLinearColorFunction.uexp" 691
"../../../Engine/Plugins/Interchange/Runtime/Content/Materials/MapOrColorFunction.uasset" 692
"../../../Engine/Plugins/Interchange/Runtime/Content/Materials/MapOrColorFunction.uexp" 693
"../../../Engine/Plugins/Interchange/Runtime/Content/Materials/CommonMaterial.uasset" 694
"../../../Engine/Plugins/Interchange/Runtime/Content/Materials/CommonMaterial.uexp" 695
"../../../Engine/Plugins/Interchange/Runtime/Content/Materials/PBRSurfaceFunction.uasset" 696
"../../../Engine/Plugins/Interchange/Runtime/Content/Materials/PBRSurfaceFunction.uexp" 697
"../../../Engine/Plugins/Interchange/Runtime/Content/Materials/ThinTranslucentMaterial.uasset" 698
"../../../Engine/Plugins/Interchange/Runtime/Content/Materials/ThinTranslucentMaterial.uexp" 699
"../../../Engine/Plugins/Interchange/Runtime/Content/Materials/SubsurfaceMaterial.uasset" 700
"../../../Engine/Plugins/Interchange/Runtime/Content/Materials/SubsurfaceMaterial.uexp" 701
"../../../Engine/Plugins/Interchange/Runtime/Content/Materials/SheenMaterial.uasset" 702
"../../../Engine/Plugins/Interchange/Runtime/Content/Materials/SheenMaterial.uexp" 703
"../../../Engine/Content/Functions/Engine_MaterialFunctions01/Shading/ConvertFromDiffSpec.uasset" 704
"../../../Engine/Content/Functions/Engine_MaterialFunctions01/Shading/ConvertFromDiffSpec.uexp" 705
"../../../Engine/Plugins/Interchange/Runtime/Content/Materials/PhongSurfaceMaterial.uasset" 706
"../../../Engine/Plugins/Interchange/Runtime/Content/Materials/PhongSurfaceMaterial.uexp" 707
"../../../Engine/Plugins/Interchange/Runtime/Content/Materials/PBRSurfaceMaterial.uasset" 708
"../../../Engine/Plugins/Interchange/Runtime/Content/Materials/PBRSurfaceMaterial.uexp" 709
"../../../Engine/Content/EngineMaterials/FlatNormal.uasset" 710
"../../../Engine/Content/EngineMaterials/FlatNormal.uexp" 711
"../../../Engine/Content/EditorLandscapeResources/WhiteSquareTexture.uasset" 712
"../../../Engine/Content/EditorLandscapeResources/WhiteSquareTexture.uexp" 713
"../../../Engine/Plugins/Interchange/Runtime/Content/Materials/OrenNayerMaterial.uasset" 714
"../../../Engine/Plugins/Interchange/Runtime/Content/Materials/OrenNayerMaterial.uexp" 715
"../../../Engine/Plugins/Interchange/Runtime/Content/Materials/LambertSurfaceMaterial.uasset" 716
"../../../Engine/Plugins/Interchange/Runtime/Content/Materials/LambertSurfaceMaterial.uexp" 717
"../../../Engine/Plugins/Interchange/Runtime/Content/Materials/ClearCoatMaterial.uasset" 718
"../../../Engine/Plugins/Interchange/Runtime/Content/Materials/ClearCoatMaterial.uexp" 719
"../../../Engine/Plugins/Interchange/Runtime/Content/Pipelines/DefaultTexturePipeline.uasset" 720
"../../../Engine/Plugins/Interchange/Runtime/Content/Pipelines/DefaultTexturePipeline.uexp" 721
"../../../Engine/Plugins/Interchange/Runtime/Content/Pipelines/DefaultSceneLevelPipeline.uasset" 722
"../../../Engine/Plugins/Interchange/Runtime/Content/Pipelines/DefaultSceneLevelPipeline.uexp" 723
"../../../Engine/Plugins/Interchange/Runtime/Content/Pipelines/DefaultSceneAssetsPipeline.uasset" 724
"../../../Engine/Plugins/Interchange/Runtime/Content/Pipelines/DefaultSceneAssetsPipeline.uexp" 725
"../../../Engine/Plugins/Interchange/Runtime/Content/Pipelines/DefaultMaterialPipeline.uasset" 726
"../../../Engine/Plugins/Interchange/Runtime/Content/Pipelines/DefaultMaterialPipeline.uexp" 727
"../../../Engine/Plugins/Interchange/Runtime/Content/Pipelines/DefaultAssetsPipeline.uasset" 728
"../../../Engine/Plugins/Interchange/Runtime/Content/Pipelines/DefaultAssetsPipeline.uexp" 729
"../../../Engine/Plugins/Runtime/MeshModelingToolset/Content/Materials/M_DynamicMeshComponentVtxColor.uasset" 730
"../../../Engine/Plugins/Runtime/MeshModelingToolset/Content/Materials/M_DynamicMeshComponentVtxColor.uexp" 731
"E:/Unreal Projects/ProjectBand/Content/Characters/Mannequins/Meshes/SK_Mannequin.uasset" 732
"E:/Unreal Projects/ProjectBand/Content/Characters/Mannequins/Meshes/SK_Mannequin.uexp" 733
"E:/Unreal Projects/ProjectBand/Content/Characters/Mannequins/Textures/Quinn/T_Quinn_02ID_MSR_MSK.uasset" 734
"E:/Unreal Projects/ProjectBand/Content/Characters/Mannequins/Textures/Quinn/T_Quinn_02ID_MSR_MSK.ubulk" 735
"E:/Unreal Projects/ProjectBand/Content/Characters/Mannequins/Textures/Quinn/T_Quinn_02ID_MSR_MSK.uexp" 736
"E:/Unreal Projects/ProjectBand/Content/Characters/Mannequins/Textures/Quinn/T_Quinn_02ID_BN.uasset" 737
"E:/Unreal Projects/ProjectBand/Content/Characters/Mannequins/Textures/Quinn/T_Quinn_02ID_BN.ubulk" 738
"E:/Unreal Projects/ProjectBand/Content/Characters/Mannequins/Textures/Quinn/T_Quinn_02ID_BN.uexp" 739
"E:/Unreal Projects/ProjectBand/Content/Characters/Mannequins/Textures/Quinn/T_Quinn_02_ASAOMASK_MSK.uasset" 740
"E:/Unreal Projects/ProjectBand/Content/Characters/Mannequins/Textures/Quinn/T_Quinn_02_ASAOMASK_MSK.ubulk" 741
"E:/Unreal Projects/ProjectBand/Content/Characters/Mannequins/Textures/Quinn/T_Quinn_02_ASAOMASK_MSK.uexp" 742
"E:/Unreal Projects/ProjectBand/Content/Characters/Mannequins/Textures/Quinn/T_Quinn_02_CCRCCPlastic_MSK.uasset" 743
"E:/Unreal Projects/ProjectBand/Content/Characters/Mannequins/Textures/Quinn/T_Quinn_02_CCRCCPlastic_MSK.ubulk" 744
"E:/Unreal Projects/ProjectBand/Content/Characters/Mannequins/Textures/Quinn/T_Quinn_02_CCRCCPlastic_MSK.uexp" 745
"E:/Unreal Projects/ProjectBand/Content/Characters/Mannequins/Textures/Quinn/T_Quinn_02ID_Tan.uasset" 746
"E:/Unreal Projects/ProjectBand/Content/Characters/Mannequins/Textures/Quinn/T_Quinn_02ID_Tan.ubulk" 747
"E:/Unreal Projects/ProjectBand/Content/Characters/Mannequins/Textures/Quinn/T_Quinn_02ID_Tan.uexp" 748
"E:/Unreal Projects/ProjectBand/Content/Characters/Mannequins/Textures/Quinn/T_Quinn_02ID_D.uasset" 749
"E:/Unreal Projects/ProjectBand/Content/Characters/Mannequins/Textures/Quinn/T_Quinn_02ID_D.ubulk" 750
"E:/Unreal Projects/ProjectBand/Content/Characters/Mannequins/Textures/Quinn/T_Quinn_02ID_D.uexp" 751
"E:/Unreal Projects/ProjectBand/Content/Characters/Mannequins/Textures/Quinn/T_Quinn_01ID_MSR_MSK.uasset" 752
"E:/Unreal Projects/ProjectBand/Content/Characters/Mannequins/Textures/Quinn/T_Quinn_01ID_MSR_MSK.ubulk" 753
"E:/Unreal Projects/ProjectBand/Content/Characters/Mannequins/Textures/Quinn/T_Quinn_01ID_MSR_MSK.uexp" 754
"E:/Unreal Projects/ProjectBand/Content/Characters/Mannequins/Materials/Functions/ChromaticCurve.uasset" 755
"E:/Unreal Projects/ProjectBand/Content/Characters/Mannequins/Materials/Functions/ChromaticCurve.uexp" 756
"E:/Unreal Projects/ProjectBand/Content/Characters/Mannequins/Materials/Functions/CA_Mannequin.uasset" 757
"E:/Unreal Projects/ProjectBand/Content/Characters/Mannequins/Materials/Functions/CA_Mannequin.uexp" 758
"E:/Unreal Projects/ProjectBand/Content/Characters/Mannequins/Materials/Functions/MF_Diffraction.uasset" 759
"E:/Unreal Projects/ProjectBand/Content/Characters/Mannequins/Materials/Functions/MF_Diffraction.uexp" 760
"E:/Unreal Projects/ProjectBand/Content/Characters/Mannequins/Textures/Manny/T_Manny_01_N.uasset" 761
"E:/Unreal Projects/ProjectBand/Content/Characters/Mannequins/Textures/Manny/T_Manny_01_N.ubulk" 762
"E:/Unreal Projects/ProjectBand/Content/Characters/Mannequins/Textures/Manny/T_Manny_01_N.uexp" 763
"E:/Unreal Projects/ProjectBand/Content/Characters/Mannequins/Materials/Functions/ML_BaseColorFallOff.uasset" 764
"E:/Unreal Projects/ProjectBand/Content/Characters/Mannequins/Materials/Functions/ML_BaseColorFallOff.uexp" 765
"../../../Engine/Content/Functions/Engine_MaterialFunctions01/Texturing/ScaleUVsByCenter.uasset" 766
"../../../Engine/Content/Functions/Engine_MaterialFunctions01/Texturing/ScaleUVsByCenter.uexp" 767
"E:/Unreal Projects/ProjectBand/Content/Characters/Mannequins/Textures/Shared/T_UE_Logo_M.uasset" 768
"E:/Unreal Projects/ProjectBand/Content/Characters/Mannequins/Textures/Shared/T_UE_Logo_M.uexp" 769
"E:/Unreal Projects/ProjectBand/Content/Characters/Mannequins/Materials/Functions/MF_logo3layers.uasset" 770
"E:/Unreal Projects/ProjectBand/Content/Characters/Mannequins/Materials/Functions/MF_logo3layers.uexp" 771
"E:/Unreal Projects/ProjectBand/Content/Characters/Mannequins/Textures/Manny/T_Manny_01_CCRCCPlastic_MSK.uasset" 772
"E:/Unreal Projects/ProjectBand/Content/Characters/Mannequins/Textures/Manny/T_Manny_01_CCRCCPlastic_MSK.ubulk" 773
"E:/Unreal Projects/ProjectBand/Content/Characters/Mannequins/Textures/Manny/T_Manny_01_CCRCCPlastic_MSK.uexp" 774
"E:/Unreal Projects/ProjectBand/Content/Characters/Mannequins/Textures/Manny/T_Manny_01_ASAOPMASK_MSK.uasset" 775
"E:/Unreal Projects/ProjectBand/Content/Characters/Mannequins/Textures/Manny/T_Manny_01_ASAOPMASK_MSK.ubulk" 776
"E:/Unreal Projects/ProjectBand/Content/Characters/Mannequins/Textures/Manny/T_Manny_01_ASAOPMASK_MSK.uexp" 777
"E:/Unreal Projects/ProjectBand/Content/Characters/Mannequins/Textures/Manny/T_Manny_01_MSR_MSK.uasset" 778
"E:/Unreal Projects/ProjectBand/Content/Characters/Mannequins/Textures/Manny/T_Manny_01_MSR_MSK.ubulk" 779
"E:/Unreal Projects/ProjectBand/Content/Characters/Mannequins/Textures/Manny/T_Manny_01_MSR_MSK.uexp" 780
"E:/Unreal Projects/ProjectBand/Content/Characters/Mannequins/Textures/Manny/T_Manny_01_BN.uasset" 781
"E:/Unreal Projects/ProjectBand/Content/Characters/Mannequins/Textures/Manny/T_Manny_01_BN.ubulk" 782
"E:/Unreal Projects/ProjectBand/Content/Characters/Mannequins/Textures/Manny/T_Manny_01_BN.uexp" 783
"E:/Unreal Projects/ProjectBand/Content/Characters/Mannequins/Textures/Manny/T_Manny_01_D.uasset" 784
"E:/Unreal Projects/ProjectBand/Content/Characters/Mannequins/Textures/Manny/T_Manny_01_D.ubulk" 785
"E:/Unreal Projects/ProjectBand/Content/Characters/Mannequins/Textures/Manny/T_Manny_01_D.uexp" 786
"E:/Unreal Projects/ProjectBand/Content/Characters/Mannequins/Textures/Manny/T_Manny_01_Tan.uasset" 787
"E:/Unreal Projects/ProjectBand/Content/Characters/Mannequins/Textures/Manny/T_Manny_01_Tan.ubulk" 788
"E:/Unreal Projects/ProjectBand/Content/Characters/Mannequins/Textures/Manny/T_Manny_01_Tan.uexp" 789
"E:/Unreal Projects/ProjectBand/Content/Characters/Mannequins/Materials/M_Mannequin.uasset" 790
"E:/Unreal Projects/ProjectBand/Content/Characters/Mannequins/Materials/M_Mannequin.uexp" 791
"E:/Unreal Projects/ProjectBand/Content/Characters/Mannequins/Textures/Quinn/T_Quinn_01_ASAOMASK_MSK.uasset" 792
"E:/Unreal Projects/ProjectBand/Content/Characters/Mannequins/Textures/Quinn/T_Quinn_01_ASAOMASK_MSK.ubulk" 793
"E:/Unreal Projects/ProjectBand/Content/Characters/Mannequins/Textures/Quinn/T_Quinn_01_ASAOMASK_MSK.uexp" 794
"E:/Unreal Projects/ProjectBand/Content/Characters/Mannequins/Textures/Quinn/T_Quinn_01ID_N.uasset" 795
"E:/Unreal Projects/ProjectBand/Content/Characters/Mannequins/Textures/Quinn/T_Quinn_01ID_N.ubulk" 796
"E:/Unreal Projects/ProjectBand/Content/Characters/Mannequins/Textures/Quinn/T_Quinn_01ID_N.uexp" 797
"E:/Unreal Projects/ProjectBand/Content/Characters/Mannequins/Textures/Quinn/T_Quinn_01ID_BN.uasset" 798
"E:/Unreal Projects/ProjectBand/Content/Characters/Mannequins/Textures/Quinn/T_Quinn_01ID_BN.ubulk" 799
"E:/Unreal Projects/ProjectBand/Content/Characters/Mannequins/Textures/Quinn/T_Quinn_01ID_BN.uexp" 800
"E:/Unreal Projects/ProjectBand/Content/Characters/Mannequins/Textures/Quinn/T_Quinn_01ID_D.uasset" 801
"E:/Unreal Projects/ProjectBand/Content/Characters/Mannequins/Textures/Quinn/T_Quinn_01ID_D.ubulk" 802
"E:/Unreal Projects/ProjectBand/Content/Characters/Mannequins/Textures/Quinn/T_Quinn_01ID_D.uexp" 803
"E:/Unreal Projects/ProjectBand/Content/Characters/Mannequins/Textures/Quinn/T_Quinn_01ID_Tan.uasset" 804
"E:/Unreal Projects/ProjectBand/Content/Characters/Mannequins/Textures/Quinn/T_Quinn_01ID_Tan.ubulk" 805
"E:/Unreal Projects/ProjectBand/Content/Characters/Mannequins/Textures/Quinn/T_Quinn_01ID_Tan.uexp" 806
"E:/Unreal Projects/ProjectBand/Content/Characters/Mannequins/Textures/Quinn/T_Quinn_01_CCRCCPlastic_MSK.uasset" 807
"E:/Unreal Projects/ProjectBand/Content/Characters/Mannequins/Textures/Quinn/T_Quinn_01_CCRCCPlastic_MSK.ubulk" 808
"E:/Unreal Projects/ProjectBand/Content/Characters/Mannequins/Textures/Quinn/T_Quinn_01_CCRCCPlastic_MSK.uexp" 809
"E:/Unreal Projects/ProjectBand/Content/Characters/Mannequins/Materials/Instances/Quinn/MI_Quinn_01.uasset" 810
"E:/Unreal Projects/ProjectBand/Content/Characters/Mannequins/Materials/Instances/Quinn/MI_Quinn_01.uexp" 811
"E:/Unreal Projects/ProjectBand/Content/Characters/Mannequins/Textures/Quinn/T_Quinn_02ID_N.uasset" 812
"E:/Unreal Projects/ProjectBand/Content/Characters/Mannequins/Textures/Quinn/T_Quinn_02ID_N.ubulk" 813
"E:/Unreal Projects/ProjectBand/Content/Characters/Mannequins/Textures/Quinn/T_Quinn_02ID_N.uexp" 814
"E:/Unreal Projects/ProjectBand/Content/Characters/Mannequins/Materials/Instances/Quinn/MI_Quinn_02.uasset" 815
"E:/Unreal Projects/ProjectBand/Content/Characters/Mannequins/Materials/Instances/Quinn/MI_Quinn_02.uexp" 816
"E:/Unreal Projects/ProjectBand/Content/Characters/Mannequins/Rigs/PA_Mannequin.uasset" 817
"E:/Unreal Projects/ProjectBand/Content/Characters/Mannequins/Rigs/PA_Mannequin.uexp" 818
"E:/Unreal Projects/ProjectBand/Content/Characters/Mannequins/Meshes/SKM_Quinn_Simple.uasset" 819
"E:/Unreal Projects/ProjectBand/Content/Characters/Mannequins/Meshes/SKM_Quinn_Simple.uexp" 820
"E:/Unreal Projects/ProjectBand/Content/ThirdPerson/Input/Actions/IA_Jump.uasset" 821
"E:/Unreal Projects/ProjectBand/Content/ThirdPerson/Input/Actions/IA_Jump.uexp" 822
"E:/Unreal Projects/ProjectBand/Content/ThirdPerson/Input/Actions/IA_Look.uasset" 823
"E:/Unreal Projects/ProjectBand/Content/ThirdPerson/Input/Actions/IA_Look.uexp" 824
"E:/Unreal Projects/ProjectBand/Content/ThirdPerson/Input/Actions/IA_Move.uasset" 825
"E:/Unreal Projects/ProjectBand/Content/ThirdPerson/Input/Actions/IA_Move.uexp" 826
"E:/Unreal Projects/ProjectBand/Content/ThirdPerson/Input/IMC_Default.uasset" 827
"E:/Unreal Projects/ProjectBand/Content/ThirdPerson/Input/IMC_Default.uexp" 828
"../../../Engine/Content/Animation/DefaultAnimCurveCompressionSettings.uasset" 829
"../../../Engine/Content/Animation/DefaultAnimCurveCompressionSettings.uexp" 830
"../../../Engine/Content/Animation/DefaultAnimBoneCompressionSettings.uasset" 831
"../../../Engine/Content/Animation/DefaultAnimBoneCompressionSettings.uexp" 832
"E:/Unreal Projects/ProjectBand/Content/Characters/Mannequins/Animations/Quinn/MF_Run_Fwd.uasset" 833
"E:/Unreal Projects/ProjectBand/Content/Characters/Mannequins/Animations/Quinn/MF_Run_Fwd.uexp" 834
"E:/Unreal Projects/ProjectBand/Content/Characters/Mannequins/Animations/Quinn/MF_Walk_Fwd.uasset" 835
"E:/Unreal Projects/ProjectBand/Content/Characters/Mannequins/Animations/Quinn/MF_Walk_Fwd.uexp" 836
"../../../Engine/Content/Animation/DefaultRecorderBoneCompression.uasset" 837
"../../../Engine/Content/Animation/DefaultRecorderBoneCompression.uexp" 838
"E:/Unreal Projects/ProjectBand/Content/Characters/Mannequins/Animations/Manny/MM_Walk_InPlace.uasset" 839
"E:/Unreal Projects/ProjectBand/Content/Characters/Mannequins/Animations/Manny/MM_Walk_InPlace.uexp" 840
"E:/Unreal Projects/ProjectBand/Content/Characters/Mannequins/Animations/Quinn/BS_MF_Unarmed_WalkRun.uasset" 841
"E:/Unreal Projects/ProjectBand/Content/Characters/Mannequins/Animations/Quinn/BS_MF_Unarmed_WalkRun.uexp" 842
"E:/Unreal Projects/ProjectBand/Content/Characters/Mannequins/Animations/Quinn/MF_Idle.uasset" 843
"E:/Unreal Projects/ProjectBand/Content/Characters/Mannequins/Animations/Quinn/MF_Idle.uexp" 844
"E:/Unreal Projects/ProjectBand/Content/Characters/Mannequins/Animations/Manny/MM_Fall_Loop.uasset" 845
"E:/Unreal Projects/ProjectBand/Content/Characters/Mannequins/Animations/Manny/MM_Fall_Loop.uexp" 846
"E:/Unreal Projects/ProjectBand/Content/Characters/Mannequins/Animations/Manny/MM_Jump.uasset" 847
"E:/Unreal Projects/ProjectBand/Content/Characters/Mannequins/Animations/Manny/MM_Jump.uexp" 848
"../../../Engine/Plugins/Animation/ControlRig/Content/Controls/DefaultGizmoLibrary.uasset" 849
"../../../Engine/Plugins/Animation/ControlRig/Content/Controls/DefaultGizmoLibrary.uexp" 850
"E:/Unreal Projects/ProjectBand/Content/Characters/Mannequins/Rigs/CR_Mannequin_BasicFootIK.uasset" 851
"E:/Unreal Projects/ProjectBand/Content/Characters/Mannequins/Rigs/CR_Mannequin_BasicFootIK.uexp" 852
"E:/Unreal Projects/ProjectBand/Content/Characters/Mannequins/Animations/Manny/MM_Run_Fwd.uasset" 853
"E:/Unreal Projects/ProjectBand/Content/Characters/Mannequins/Animations/Manny/MM_Run_Fwd.uexp" 854
"E:/Unreal Projects/ProjectBand/Content/Characters/Mannequins/Animations/Manny/MM_Walk_Fwd.uasset" 855
"E:/Unreal Projects/ProjectBand/Content/Characters/Mannequins/Animations/Manny/MM_Walk_Fwd.uexp" 856
"E:/Unreal Projects/ProjectBand/Content/Characters/Mannequins/Animations/Manny/BS_MM_WalkRun.uasset" 857
"E:/Unreal Projects/ProjectBand/Content/Characters/Mannequins/Animations/Manny/BS_MM_WalkRun.uexp" 858
"E:/Unreal Projects/ProjectBand/Content/Characters/Mannequins/Animations/Manny/MM_Land.uasset" 859
"E:/Unreal Projects/ProjectBand/Content/Characters/Mannequins/Animations/Manny/MM_Land.uexp" 860
"E:/Unreal Projects/ProjectBand/Content/Characters/Mannequins/Animations/Manny/MM_Idle.uasset" 861
"E:/Unreal Projects/ProjectBand/Content/Characters/Mannequins/Animations/Manny/MM_Idle.uexp" 862
"E:/Unreal Projects/ProjectBand/Content/Characters/Mannequins/Animations/ABP_Manny.uasset" 863
"E:/Unreal Projects/ProjectBand/Content/Characters/Mannequins/Animations/ABP_Manny.uexp" 864
"E:/Unreal Projects/ProjectBand/Content/Characters/Mannequins/Animations/ABP_Quinn.uasset" 865
"E:/Unreal Projects/ProjectBand/Content/Characters/Mannequins/Animations/ABP_Quinn.uexp" 866
"E:/Unreal Projects/ProjectBand/Content/ThirdPerson/Blueprints/BP_ThirdPersonCharacter.uasset" 867
"E:/Unreal Projects/ProjectBand/Content/ThirdPerson/Blueprints/BP_ThirdPersonCharacter.uexp" 868
"../../../Engine/Content/Maps/Entry_BuiltData.uasset" 869
"../../../Engine/Content/Maps/Entry_BuiltData.uexp" 870
"../../../Engine/Content/Maps/Entry.umap" 871
"../../../Engine/Content/Maps/Entry.uexp" 872
"../../../Engine/Content/EngineMaterials/BlendFunc_DefBlend.uasset" 873
"../../../Engine/Content/EngineMaterials/BlendFunc_DefBlend.uexp" 874
"../../../Engine/Content/EngineMaterials/BlendFunc_DefBase.uasset" 875
"../../../Engine/Content/EngineMaterials/BlendFunc_DefBase.uexp" 876
"../../../Engine/Content/Functions/Engine_MaterialFunctions03/Blends/Blend_Overlay.uasset" 877
"../../../Engine/Content/Functions/Engine_MaterialFunctions03/Blends/Blend_Overlay.uexp" 878
"../../../Engine/Content/OpenWorldTemplate/LandscapeMaterial/T_GridChecker_A.uasset" 879
"../../../Engine/Content/OpenWorldTemplate/LandscapeMaterial/T_GridChecker_A.ubulk" 880
"../../../Engine/Content/OpenWorldTemplate/LandscapeMaterial/T_GridChecker_A.uexp" 881
"../../../Engine/Content/Functions/Engine_MaterialFunctions01/Gradient/LinearGradient.uasset" 882
"../../../Engine/Content/Functions/Engine_MaterialFunctions01/Gradient/LinearGradient.uexp" 883
"../../../Engine/Content/Functions/Engine_MaterialFunctions01/ImageAdjustment/CheapContrast.uasset" 884
"../../../Engine/Content/Functions/Engine_MaterialFunctions01/ImageAdjustment/CheapContrast.uexp" 885
"../../../Engine/Content/OpenWorldTemplate/LandscapeMaterial/MF_ProcGrid.uasset" 886
"../../../Engine/Content/OpenWorldTemplate/LandscapeMaterial/MF_ProcGrid.uexp" 887
"../../../Engine/Content/OpenWorldTemplate/LandscapeMaterial/M_ProcGrid.uasset" 888
"../../../Engine/Content/OpenWorldTemplate/LandscapeMaterial/M_ProcGrid.uexp" 889
"../../../Engine/Content/OpenWorldTemplate/LandscapeMaterial/MI_ProcGrid.uasset" 890
"../../../Engine/Content/OpenWorldTemplate/LandscapeMaterial/MI_ProcGrid.uexp" 891
"../../../Engine/Content/MapTemplates/SM_Template_Map_Floor.uasset" 892
"../../../Engine/Content/MapTemplates/SM_Template_Map_Floor.ubulk" 893
"../../../Engine/Content/MapTemplates/SM_Template_Map_Floor.uexp" 894
"E:/Unreal Projects/ProjectBand/Content/Texture/Result/RankB.uasset" 895
"E:/Unreal Projects/ProjectBand/Content/Texture/Result/RankB.uexp" 896
"E:/Unreal Projects/ProjectBand/Content/Texture/Result/RankA.uasset" 897
"E:/Unreal Projects/ProjectBand/Content/Texture/Result/RankA.uexp" 898
"E:/Unreal Projects/ProjectBand/Content/Texture/Result/RankS.uasset" 899
"E:/Unreal Projects/ProjectBand/Content/Texture/Result/RankS.uexp" 900
"E:/Unreal Projects/ProjectBand/Content/Font/Dotum.uasset" 901
"E:/Unreal Projects/ProjectBand/Content/Font/Dotum.ufont" 902
"E:/Unreal Projects/ProjectBand/Content/Font/Dotum.uexp" 903
"E:/Unreal Projects/ProjectBand/Content/Font/RegularFont.uasset" 904
"E:/Unreal Projects/ProjectBand/Content/Font/RegularFont.uexp" 905
"E:/Unreal Projects/ProjectBand/Content/Texture/Result/RankC.uasset" 906
"E:/Unreal Projects/ProjectBand/Content/Texture/Result/RankC.uexp" 907
"../../../Engine/Content/EditorBlueprintResources/StandardMacros.uasset" 908
"../../../Engine/Content/EditorBlueprintResources/StandardMacros.uexp" 909
"E:/Unreal Projects/ProjectBand/Content/BP/Blueprints/UI/BP_SongEntry.uasset" 910
"E:/Unreal Projects/ProjectBand/Content/BP/Blueprints/UI/BP_SongEntry.uexp" 911
"E:/Unreal Projects/ProjectBand/Content/BP/Blueprints/UI/BP_SongSelectionMenu.uasset" 912
"E:/Unreal Projects/ProjectBand/Content/BP/Blueprints/UI/BP_SongSelectionMenu.uexp" 913
"../../../Engine/Content/BasicShapes/Plane.uasset" 914
"../../../Engine/Content/BasicShapes/Plane.ubulk" 915
"../../../Engine/Content/BasicShapes/Plane.uexp" 916
"E:/Unreal Projects/ProjectBand/Content/Materials/M_SimpleColor.uasset" 917
"E:/Unreal Projects/ProjectBand/Content/Materials/M_SimpleColor.uexp" 918
"E:/Unreal Projects/ProjectBand/Content/Materials/M_GroundMaterial.uasset" 919
"E:/Unreal Projects/ProjectBand/Content/Materials/M_GroundMaterial.uexp" 920
"E:/Unreal Projects/ProjectBand/Content/BP/Blueprints/Beats/BP_ContinuousBeatEnd.uasset" 921
"E:/Unreal Projects/ProjectBand/Content/BP/Blueprints/Beats/BP_ContinuousBeatEnd.uexp" 922
"../../../Engine/Content/BasicShapes/Sphere.uasset" 923
"../../../Engine/Content/BasicShapes/Sphere.ubulk" 924
"../../../Engine/Content/BasicShapes/Sphere.uexp" 925
"../../../Engine/Content/BasicShapes/BasicShapeMaterial.uasset" 926
"../../../Engine/Content/BasicShapes/BasicShapeMaterial.uexp" 927
"E:/Unreal Projects/ProjectBand/Content/BP/Blueprints/Beats/BP_Beat.uasset" 928
"E:/Unreal Projects/ProjectBand/Content/BP/Blueprints/Beats/BP_Beat.uexp" 929
"E:/Unreal Projects/ProjectBand/Content/Meshes/SM_BeamMesh.uasset" 930
"E:/Unreal Projects/ProjectBand/Content/Meshes/SM_BeamMesh.ubulk" 931
"E:/Unreal Projects/ProjectBand/Content/Meshes/SM_BeamMesh.uexp" 932
"E:/Unreal Projects/ProjectBand/Content/BP/Blueprints/Beats/BP_ContinuousBeat.uasset" 933
"E:/Unreal Projects/ProjectBand/Content/BP/Blueprints/Beats/BP_ContinuousBeat.uexp" 934
"E:/Unreal Projects/ProjectBand/Content/BP/Blueprints/Beats/BP_SingleBeat.uasset" 935
"E:/Unreal Projects/ProjectBand/Content/BP/Blueprints/Beats/BP_SingleBeat.uexp" 936
"E:/Unreal Projects/ProjectBand/Content/Materials/M_RedMat.uasset" 937
"E:/Unreal Projects/ProjectBand/Content/Materials/M_RedMat.uexp" 938
"E:/Unreal Projects/ProjectBand/Content/Materials/M_GreenMat.uasset" 939
"E:/Unreal Projects/ProjectBand/Content/Materials/M_GreenMat.uexp" 940
"E:/Unreal Projects/ProjectBand/Content/Materials/M_BlueMat.uasset" 941
"E:/Unreal Projects/ProjectBand/Content/Materials/M_BlueMat.uexp" 942
"E:/Unreal Projects/ProjectBand/Content/Materials/M_YellowMat.uasset" 943
"E:/Unreal Projects/ProjectBand/Content/Materials/M_YellowMat.uexp" 944
"E:/Unreal Projects/ProjectBand/Content/Materials/M_PurpleMat.uasset" 945
"E:/Unreal Projects/ProjectBand/Content/Materials/M_PurpleMat.uexp" 946
"E:/Unreal Projects/ProjectBand/Content/BP/Blueprints/BP_Lane.uasset" 947
"E:/Unreal Projects/ProjectBand/Content/BP/Blueprints/BP_Lane.uexp" 948
"E:/Unreal Projects/ProjectBand/Content/Level/InputTest/InputType.uasset" 949
"E:/Unreal Projects/ProjectBand/Content/Level/InputTest/InputType.uexp" 950
"../../../Engine/Plugins/Marketplace/RhythmGamePlugin/Content/StarterContent/Textures/T_Explosion_SubUV.uasset" 951
"../../../Engine/Plugins/Marketplace/RhythmGamePlugin/Content/StarterContent/Textures/T_Explosion_SubUV.ubulk" 952
"../../../Engine/Plugins/Marketplace/RhythmGamePlugin/Content/StarterContent/Textures/T_Explosion_SubUV.uexp" 953
"../../../Engine/Plugins/Marketplace/RhythmGamePlugin/Content/StarterContent/Particles/Materials/M_explosion_subUV.uasset" 954
"../../../Engine/Plugins/Marketplace/RhythmGamePlugin/Content/StarterContent/Particles/Materials/M_explosion_subUV.uexp" 955
"../../../Engine/Plugins/Marketplace/RhythmGamePlugin/Content/StarterContent/Textures/T_Smoke_SubUV.uasset" 956
"../../../Engine/Plugins/Marketplace/RhythmGamePlugin/Content/StarterContent/Textures/T_Smoke_SubUV.ubulk" 957
"../../../Engine/Plugins/Marketplace/RhythmGamePlugin/Content/StarterContent/Textures/T_Smoke_SubUV.uexp" 958
"../../../Engine/Plugins/Marketplace/RhythmGamePlugin/Content/StarterContent/Textures/T_Smoke_Tiled_D.uasset" 959
"../../../Engine/Plugins/Marketplace/RhythmGamePlugin/Content/StarterContent/Textures/T_Smoke_Tiled_D.ubulk" 960
"../../../Engine/Plugins/Marketplace/RhythmGamePlugin/Content/StarterContent/Textures/T_Smoke_Tiled_D.uexp" 961
"../../../Engine/Plugins/Marketplace/RhythmGamePlugin/Content/StarterContent/Particles/Materials/M_smoke_subUV.uasset" 962
"../../../Engine/Plugins/Marketplace/RhythmGamePlugin/Content/StarterContent/Particles/Materials/M_smoke_subUV.uexp" 963
"../../../Engine/Plugins/Marketplace/RhythmGamePlugin/Content/StarterContent/Textures/T_Burst_M.uasset" 964
"../../../Engine/Plugins/Marketplace/RhythmGamePlugin/Content/StarterContent/Textures/T_Burst_M.ubulk" 965
"../../../Engine/Plugins/Marketplace/RhythmGamePlugin/Content/StarterContent/Textures/T_Burst_M.uexp" 966
"../../../Engine/Plugins/Marketplace/RhythmGamePlugin/Content/StarterContent/Particles/Materials/M_Burst.uasset" 967
"../../../Engine/Plugins/Marketplace/RhythmGamePlugin/Content/StarterContent/Particles/Materials/M_Burst.uexp" 968
"../../../Engine/Content/Functions/Engine_MaterialFunctions01/Gradient/RadialGradient.uasset" 969
"../../../Engine/Content/Functions/Engine_MaterialFunctions01/Gradient/RadialGradient.uexp" 970
"../../../Engine/Plugins/Marketplace/RhythmGamePlugin/Content/StarterContent/Particles/Materials/M_radial_ramp.uasset" 971
"../../../Engine/Plugins/Marketplace/RhythmGamePlugin/Content/StarterContent/Particles/Materials/M_radial_ramp.uexp" 972
"../../../Engine/Plugins/Marketplace/RhythmGamePlugin/Content/StarterContent/Particles/Materials/m_flare_01.uasset" 973
"../../../Engine/Plugins/Marketplace/RhythmGamePlugin/Content/StarterContent/Particles/Materials/m_flare_01.uexp" 974
"../../../Engine/Plugins/Marketplace/RhythmGamePlugin/Content/StarterContent/Particles/P_Explosion.uasset" 975
"../../../Engine/Plugins/Marketplace/RhythmGamePlugin/Content/StarterContent/Particles/P_Explosion.uexp" 976
"E:/Unreal Projects/ProjectBand/Content/Songs/Guitar_SFX.uasset" 977
"E:/Unreal Projects/ProjectBand/Content/Songs/Guitar_SFX.ubulk" 978
"E:/Unreal Projects/ProjectBand/Content/Songs/Guitar_SFX.uexp" 979
"E:/Unreal Projects/ProjectBand/Content/Songs/Drum_SFX.uasset" 980
"E:/Unreal Projects/ProjectBand/Content/Songs/Drum_SFX.ubulk" 981
"E:/Unreal Projects/ProjectBand/Content/Songs/Drum_SFX.uexp" 982
"E:/Unreal Projects/ProjectBand/Content/BP/Blueprints/BP_BeatPlayer.uasset" 983
"E:/Unreal Projects/ProjectBand/Content/BP/Blueprints/BP_BeatPlayer.uexp" 984
"../../../Engine/Content/Functions/Engine_MaterialFunctions01/Density/ExponentialDensity.uasset" 985
"../../../Engine/Content/Functions/Engine_MaterialFunctions01/Density/ExponentialDensity.uexp" 986
"../../../Engine/Content/Functions/Engine_MaterialFunctions01/Gradient/RadialGradientExponential.uasset" 987
"../../../Engine/Content/Functions/Engine_MaterialFunctions01/Gradient/RadialGradientExponential.uexp" 988
"E:/Unreal Projects/ProjectBand/Content/Materials/M_CircleMaterial.uasset" 989
"E:/Unreal Projects/ProjectBand/Content/Materials/M_CircleMaterial.uexp" 990
"E:/Unreal Projects/ProjectBand/Content/Materials/M_BlueCircleMat.uasset" 991
"E:/Unreal Projects/ProjectBand/Content/Materials/M_BlueCircleMat.uexp" 992
"E:/Unreal Projects/ProjectBand/Content/BP/BP_DeviceInputController.uasset" 993
"E:/Unreal Projects/ProjectBand/Content/BP/BP_DeviceInputController.uexp" 994
"E:/Unreal Projects/ProjectBand/Content/Level/InputTest/MikeInput.uasset" 995
"E:/Unreal Projects/ProjectBand/Content/Level/InputTest/MikeInput.uexp" 996
"E:/Unreal Projects/ProjectBand/Content/Materials/M_GreenCircleMat.uasset" 997
"E:/Unreal Projects/ProjectBand/Content/Materials/M_GreenCircleMat.uexp" 998
"E:/Unreal Projects/ProjectBand/Content/Materials/M_YellowCircleMat.uasset" 999
"E:/Unreal Projects/ProjectBand/Content/Materials/M_YellowCircleMat.uexp" 1000
"E:/Unreal Projects/ProjectBand/Content/Font/KyoboHandwriting2022khn.uasset" 1001
"E:/Unreal Projects/ProjectBand/Content/Font/KyoboHandwriting2022khn.ufont" 1002
"E:/Unreal Projects/ProjectBand/Content/Font/KyoboHandwriting2022khn.uexp" 1003
"E:/Unreal Projects/ProjectBand/Content/Font/RockFont.uasset" 1004
"E:/Unreal Projects/ProjectBand/Content/Font/RockFont.uexp" 1005
"E:/Unreal Projects/ProjectBand/Content/BP/Blueprints/UI/BP_ComboCounter.uasset" 1006
"E:/Unreal Projects/ProjectBand/Content/BP/Blueprints/UI/BP_ComboCounter.uexp" 1007
"E:/Unreal Projects/ProjectBand/Content/Font/Thugolatz-MVyxv.uasset" 1008
"E:/Unreal Projects/ProjectBand/Content/Font/Thugolatz-MVyxv.ufont" 1009
"E:/Unreal Projects/ProjectBand/Content/Font/Thugolatz-MVyxv.uexp" 1010
"E:/Unreal Projects/ProjectBand/Content/Font/BoldFont.uasset" 1011
"E:/Unreal Projects/ProjectBand/Content/Font/BoldFont.uexp" 1012
"E:/Unreal Projects/ProjectBand/Content/BP/Blueprints/UI/BP_GameUI.uasset" 1013
"E:/Unreal Projects/ProjectBand/Content/BP/Blueprints/UI/BP_GameUI.uexp" 1014
"E:/Unreal Projects/ProjectBand/Content/BP/Blueprints/BP_RhythmGamePawn.uasset" 1015
"E:/Unreal Projects/ProjectBand/Content/BP/Blueprints/BP_RhythmGamePawn.uexp" 1016
"E:/Unreal Projects/ProjectBand/Content/BP/Blueprints/UI/BP_EndScreen.uasset" 1017
"E:/Unreal Projects/ProjectBand/Content/BP/Blueprints/UI/BP_EndScreen.uexp" 1018
"E:/Unreal Projects/ProjectBand/Content/BP/Blueprints/BP_SongReader.uasset" 1019
"E:/Unreal Projects/ProjectBand/Content/BP/Blueprints/BP_SongReader.uexp" 1020
"E:/Unreal Projects/ProjectBand/Content/BP/Blueprints/BP_RhythmGameGameInstance.uasset" 1021
"E:/Unreal Projects/ProjectBand/Content/BP/Blueprints/BP_RhythmGameGameInstance.uexp" 1022
"E:/Unreal Projects/ProjectBand/Content/Texture/Result/ResultBackground.uasset" 1023
"E:/Unreal Projects/ProjectBand/Content/Texture/Result/ResultBackground.uexp" 1024
"E:/Unreal Projects/ProjectBand/Content/BP/GameMode/ResultUI.uasset" 1025
"E:/Unreal Projects/ProjectBand/Content/BP/GameMode/ResultUI.uexp" 1026
"E:/Unreal Projects/ProjectBand/Content/BP/GameMode/ResultControlle.uasset" 1027
"E:/Unreal Projects/ProjectBand/Content/BP/GameMode/ResultControlle.uexp" 1028
"E:/Unreal Projects/ProjectBand/Content/BP/GameMode/ResultMode.uasset" 1029
"E:/Unreal Projects/ProjectBand/Content/BP/GameMode/ResultMode.uexp" 1030
"E:/Unreal Projects/ProjectBand/Content/Level/Result.umap" 1031
"E:/Unreal Projects/ProjectBand/Content/Level/Result.uexp" 1032
"E:/Unreal Projects/ProjectBand/Content/Texture/Button2.uasset" 1033
"E:/Unreal Projects/ProjectBand/Content/Texture/Button2.uexp" 1034
"E:/Unreal Projects/ProjectBand/Content/Texture/Stage2.uasset" 1035
"E:/Unreal Projects/ProjectBand/Content/Texture/Stage2.uexp" 1036
"E:/Unreal Projects/ProjectBand/Content/SoundClass/BGM.uasset" 1037
"E:/Unreal Projects/ProjectBand/Content/SoundClass/BGM.uexp" 1038
"E:/Unreal Projects/ProjectBand/Content/Songs/TestSong.uasset" 1039
"E:/Unreal Projects/ProjectBand/Content/Songs/TestSong.ubulk" 1040
"E:/Unreal Projects/ProjectBand/Content/Songs/TestSong.uexp" 1041
"E:/Unreal Projects/ProjectBand/Content/Texture/Stage1.uasset" 1042
"E:/Unreal Projects/ProjectBand/Content/Texture/Stage1.uexp" 1043
"E:/Unreal Projects/ProjectBand/Content/Texture/Button1.uasset" 1044
"E:/Unreal Projects/ProjectBand/Content/Texture/Button1.uexp" 1045
"E:/Unreal Projects/ProjectBand/Content/Texture/Stage3.uasset" 1046
"E:/Unreal Projects/ProjectBand/Content/Texture/Stage3.uexp" 1047
"E:/Unreal Projects/ProjectBand/Content/Texture/Title.uasset" 1048
"E:/Unreal Projects/ProjectBand/Content/Texture/Title.uexp" 1049
"E:/Unreal Projects/ProjectBand/Content/Texture/Button3.uasset" 1050
"E:/Unreal Projects/ProjectBand/Content/Texture/Button3.uexp" 1051
"E:/Unreal Projects/ProjectBand/Content/Texture/StageSelect.uasset" 1052
"E:/Unreal Projects/ProjectBand/Content/Texture/StageSelect.uexp" 1053
"E:/Unreal Projects/ProjectBand/Content/BP/GameMode/MainMenuUI.uasset" 1054
"E:/Unreal Projects/ProjectBand/Content/BP/GameMode/MainMenuUI.uexp" 1055
"E:/Unreal Projects/ProjectBand/Content/BP/GameMode/MainMenuController.uasset" 1056
"E:/Unreal Projects/ProjectBand/Content/BP/GameMode/MainMenuController.uexp" 1057
"E:/Unreal Projects/ProjectBand/Content/BP/GameMode/MainMenuMode.uasset" 1058
"E:/Unreal Projects/ProjectBand/Content/BP/GameMode/MainMenuMode.uexp" 1059
"E:/Unreal Projects/ProjectBand/Content/Level/MainMenu.umap" 1060
"E:/Unreal Projects/ProjectBand/Content/Level/MainMenu.uexp" 1061
